{
  "stats": {
    "suites": 1,
    "tests": 6,
    "passes": 6,
    "pending": 0,
    "failures": 0,
    "start": "2020-10-16T13:30:12.947Z",
    "end": "2020-10-16T13:31:17.014Z",
    "duration": 64067,
    "testsRegistered": 6,
    "passPercent": 100,
    "pendingPercent": 0,
    "other": 0,
    "hasOther": false,
    "skipped": 0,
    "hasSkipped": false
  },
  "results": [
    {
      "uuid": "0e836af3-0472-46d5-9604-8fa9e42e5c37",
      "title": "",
      "fullFile": "cypress/integration/examples/utilities.spec.js",
      "file": "cypress/integration/examples/utilities.spec.js",
      "beforeHooks": [],
      "afterHooks": [],
      "tests": [],
      "suites": [
        {
          "uuid": "1073dc6f-5149-480e-9a5b-ffbcacd07ac1",
          "title": "Utilities",
          "fullFile": "",
          "file": "",
          "beforeHooks": [],
          "afterHooks": [],
          "tests": [
            {
              "title": "Cypress._ - call a lodash method",
              "fullTitle": "Utilities Cypress._ - call a lodash method",
              "timedOut": null,
              "duration": 14881,
              "state": "passed",
              "speed": "slow",
              "pass": true,
              "fail": false,
              "pending": false,
              "context": null,
              "code": "// https://on.cypress.io/_\ncy.request('https://jsonplaceholder.cypress.io/users').then(function (response) {\n  var ids = Cypress._.chain(response.body).map('id').take(3).value();\n  expect(ids).to.deep.eq([1, 2, 3]);\n});",
              "err": {},
              "uuid": "040d9375-a3d6-41d4-a880-9ae4388cb043",
              "parentUUID": "1073dc6f-5149-480e-9a5b-ffbcacd07ac1",
              "isHook": false,
              "skipped": false
            },
            {
              "title": "Cypress.$ - call a jQuery method",
              "fullTitle": "Utilities Cypress.$ - call a jQuery method",
              "timedOut": null,
              "duration": 4569,
              "state": "passed",
              "speed": "slow",
              "pass": true,
              "fail": false,
              "pending": false,
              "context": null,
              "code": "// https://on.cypress.io/$\nvar $li = Cypress.$('.utility-jquery li:first');\ncy.wrap($li).should('not.have.class', 'active').click().should('have.class', 'active');",
              "err": {},
              "uuid": "849efd52-0954-4e98-8608-7e2210cb7e9c",
              "parentUUID": "1073dc6f-5149-480e-9a5b-ffbcacd07ac1",
              "isHook": false,
              "skipped": false
            },
            {
              "title": "Cypress.Blob - blob utilities and base64 string conversion",
              "fullTitle": "Utilities Cypress.Blob - blob utilities and base64 string conversion",
              "timedOut": null,
              "duration": 9455,
              "state": "passed",
              "speed": "slow",
              "pass": true,
              "fail": false,
              "pending": false,
              "context": null,
              "code": "// https://on.cypress.io/blob\ncy.get('.utility-blob').then(function ($div) {\n  return (// https://github.com/nolanlawson/blob-util#imgSrcToDataURL\n    // get the dataUrl string for the javascript-logo\n    Cypress.Blob.imgSrcToDataURL('https://example.cypress.io/assets/img/javascript-logo.png', undefined, 'anonymous').then(function (dataUrl) {\n      // create an <img> element and set its src to the dataUrl\n      var img = Cypress.$('<img />', {\n        src: dataUrl\n      }); // need to explicitly return cy here since we are initially returning\n      // the Cypress.Blob.imgSrcToDataURL promise to our test\n      // append the image\n      $div.append(img);\n      cy.get('.utility-blob img').click().should('have.attr', 'src', dataUrl);\n    })\n  );\n});",
              "err": {},
              "uuid": "bf3fafcd-0afd-4ddf-8475-ed7b5571b6e0",
              "parentUUID": "1073dc6f-5149-480e-9a5b-ffbcacd07ac1",
              "isHook": false,
              "skipped": false
            },
            {
              "title": "Cypress.minimatch - test out glob patterns against strings",
              "fullTitle": "Utilities Cypress.minimatch - test out glob patterns against strings",
              "timedOut": null,
              "duration": 5719,
              "state": "passed",
              "speed": "slow",
              "pass": true,
              "fail": false,
              "pending": false,
              "context": null,
              "code": "// https://on.cypress.io/minimatch\nvar matching = Cypress.minimatch('/users/1/comments', '/users/*/comments', {\n  matchBase: true\n});\nexpect(matching, 'matching wildcard').to.be[\"true\"];\nmatching = Cypress.minimatch('/users/1/comments/2', '/users/*/comments', {\n  matchBase: true\n});\nexpect(matching, 'comments').to.be[\"false\"]; // ** matches against all downstream path segments\nmatching = Cypress.minimatch('/foo/bar/baz/123/quux?a=b&c=2', '/foo/**', {\n  matchBase: true\n});\nexpect(matching, 'comments').to.be[\"true\"]; // whereas * matches only the next path segment\nmatching = Cypress.minimatch('/foo/bar/baz/123/quux?a=b&c=2', '/foo/*', {\n  matchBase: false\n});\nexpect(matching, 'comments').to.be[\"false\"];",
              "err": {},
              "uuid": "2efeac46-fefe-487f-b81a-b575c2f62947",
              "parentUUID": "1073dc6f-5149-480e-9a5b-ffbcacd07ac1",
              "isHook": false,
              "skipped": false
            },
            {
              "title": "Cypress.moment() - format or parse dates using a moment method",
              "fullTitle": "Utilities Cypress.moment() - format or parse dates using a moment method",
              "timedOut": null,
              "duration": 8344,
              "state": "passed",
              "speed": "slow",
              "pass": true,
              "fail": false,
              "pending": false,
              "context": null,
              "code": "// https://on.cypress.io/moment\nvar time = Cypress.moment('2014-04-25T19:38:53.196Z').utc().format('h:mm A');\nexpect(time).to.be.a('string');\ncy.get('.utility-moment').contains('3:38 PM').should('have.class', 'badge'); // the time in the element should be between 3pm and 5pm\nvar start = Cypress.moment('3:00 PM', 'LT');\nvar end = Cypress.moment('5:00 PM', 'LT');\ncy.get('.utility-moment .badge').should(function ($el) {\n  // parse American time like \"3:38 PM\"\n  var m = Cypress.moment($el.text().trim(), 'LT'); // display hours + minutes + AM|PM\n  var f = 'h:mm A';\n  expect(m.isBetween(start, end), \"\".concat(m.format(f), \" should be between \").concat(start.format(f), \" and \").concat(end.format(f))).to.be[\"true\"];\n});",
              "err": {},
              "uuid": "d95c3066-f044-4d5b-bbd7-f0987a03b036",
              "parentUUID": "1073dc6f-5149-480e-9a5b-ffbcacd07ac1",
              "isHook": false,
              "skipped": false
            },
            {
              "title": "Cypress.Promise - instantiate a bluebird promise",
              "fullTitle": "Utilities Cypress.Promise - instantiate a bluebird promise",
              "timedOut": null,
              "duration": 2991,
              "state": "passed",
              "speed": "slow",
              "pass": true,
              "fail": false,
              "pending": false,
              "context": null,
              "code": "// https://on.cypress.io/promise\nvar waited = false;\n/**\n * @return Bluebird<string>\n */\nfunction waitOneSecond() {\n  // return a promise that resolves after 1 second\n  // @ts-ignore TS2351 (new Cypress.Promise)\n  return new Cypress.Promise(function (resolve, reject) {\n    setTimeout(function () {\n      // set waited to true\n      waited = true; // resolve with 'foo' string\n      resolve('foo');\n    }, 1000);\n  });\n}\ncy.then(function () {\n  return (// return a promise to cy.then() that\n    // is awaited until it resolves\n    // @ts-ignore TS7006\n    waitOneSecond().then(function (str) {\n      expect(str).to.eq('foo');\n      expect(waited).to.be[\"true\"];\n    })\n  );\n});",
              "err": {},
              "uuid": "895b1fae-a7d6-4d79-8187-5a95dea7d0a2",
              "parentUUID": "1073dc6f-5149-480e-9a5b-ffbcacd07ac1",
              "isHook": false,
              "skipped": false
            }
          ],
          "suites": [],
          "passes": [
            "040d9375-a3d6-41d4-a880-9ae4388cb043",
            "849efd52-0954-4e98-8608-7e2210cb7e9c",
            "bf3fafcd-0afd-4ddf-8475-ed7b5571b6e0",
            "2efeac46-fefe-487f-b81a-b575c2f62947",
            "d95c3066-f044-4d5b-bbd7-f0987a03b036",
            "895b1fae-a7d6-4d79-8187-5a95dea7d0a2"
          ],
          "failures": [],
          "pending": [],
          "skipped": [],
          "duration": 45959,
          "root": false,
          "rootEmpty": false,
          "_timeout": 2000
        }
      ],
      "passes": [],
      "failures": [],
      "pending": [],
      "skipped": [],
      "duration": 0,
      "root": true,
      "rootEmpty": true,
      "_timeout": 2000
    }
  ],
  "meta": {
    "mocha": {
      "version": "7.0.1"
    },
    "mochawesome": {
      "options": {
        "quiet": false,
        "reportFilename": "mochawesome",
        "saveHtml": false,
        "saveJson": true,
        "consoleReporter": "spec",
        "useInlineDiffs": false,
        "code": true
      },
      "version": "6.1.1"
    },
    "marge": {
      "options": {
        "overwrite": true,
        "html": false,
        "json": true,
        "timestamp": "mmddyyyy_HHMMss"
      },
      "version": "5.1.0"
    }
  }
}