{
  "stats": {
    "suites": 1,
    "tests": 1,
    "passes": 0,
    "pending": 0,
    "failures": 1,
    "start": "2020-10-16T14:22:23.310Z",
    "end": "2020-10-16T14:22:41.248Z",
    "duration": 17938,
    "testsRegistered": 1,
    "passPercent": 0,
    "pendingPercent": 0,
    "other": 0,
    "hasOther": false,
    "skipped": 0,
    "hasSkipped": false
  },
  "results": [
    {
      "uuid": "5d5d558f-53b2-4507-bfae-829441fe6395",
      "title": "",
      "fullFile": "cypress/integration/learn_test/table.spec.js",
      "file": "cypress/integration/learn_test/table.spec.js",
      "beforeHooks": [],
      "afterHooks": [],
      "tests": [],
      "suites": [
        {
          "uuid": "59b028b5-8948-47cc-bfee-9c8e99cb7f3a",
          "title": "MyTestSuite",
          "fullFile": "",
          "file": "",
          "beforeHooks": [],
          "afterHooks": [],
          "tests": [
            {
              "title": "Table test",
              "fullTitle": "MyTestSuite Table test",
              "timedOut": null,
              "duration": 17424,
              "state": "failed",
              "speed": null,
              "pass": false,
              "fail": true,
              "pending": false,
              "context": null,
              "code": "cy.visit('https://testautomationpractice.blogspost.com'); // 1) Check Value presence anywhere in the table\ncy.get('table[name=BookTable]').contains('td', 'Learn Selenium').should('be.visible'); // 2) Check  value presence in specific row & column \ncy.get('table[name=BookTable] > tbody > tr:nth-child(2) > td:nth-child(3)').contains('Selenium').should('be.visible'); // verify the book name  \"Master in Java\" whose author is Amod\ncy.get('table[name=BookTable] > tbody > tr:nth-child(2)').each(function ($e, index, $list) {\n  var text = $e.text();\n  if (text.includes(\"Amod\")) {\n    cy.get('table[name=BookTable] > tbody > tr:nth-child(1)').eq(index).then(function (bname) {\n      var bookName = bname.text();\n      expect(bookName).to.equal(\"Master in Java\");\n    });\n  }\n});",
              "err": {
                "message": "CypressError: `cy.visit()` failed trying to load:\n\nhttps://testautomationpractice.blogspost.com/\n\nWe attempted to make an http request to this URL but the request failed without a response.\n\nWe received this error at the network level:\n\n  > Error: connect ECONNREFUSED 208.73.210.217:443\n\nCommon situations why this would fail:\n  - you don't have internet access\n  - you forgot to run / boot your web server\n  - your web server isn't accessible\n  - you have weird network configuration settings on your computer",
                "estack": "CypressError: `cy.visit()` failed trying to load:\n\nhttps://testautomationpractice.blogspost.com/\n\nWe attempted to make an http request to this URL but the request failed without a response.\n\nWe received this error at the network level:\n\n  > Error: connect ECONNREFUSED 208.73.210.217:443\n\nCommon situations why this would fail:\n  - you don't have internet access\n  - you forgot to run / boot your web server\n  - your web server isn't accessible\n  - you have weird network configuration settings on your computer\n    at http://localhost:34167/__cypress/runner/cypress_runner.js:157710:23\n    at visitFailedByErr (http://localhost:34167/__cypress/runner/cypress_runner.js:157065:12)\n    at http://localhost:34167/__cypress/runner/cypress_runner.js:157709:11\n    at tryCatcher (http://localhost:34167/__cypress/runner/cypress_runner.js:10325:23)\n    at Promise._settlePromiseFromHandler (http://localhost:34167/__cypress/runner/cypress_runner.js:8260:31)\n    at Promise._settlePromise (http://localhost:34167/__cypress/runner/cypress_runner.js:8317:18)\n    at Promise._settlePromise0 (http://localhost:34167/__cypress/runner/cypress_runner.js:8362:10)\n    at Promise._settlePromises (http://localhost:34167/__cypress/runner/cypress_runner.js:8438:18)\n    at _drainQueueStep (http://localhost:34167/__cypress/runner/cypress_runner.js:5032:12)\n    at _drainQueue (http://localhost:34167/__cypress/runner/cypress_runner.js:5025:9)\n    at Async.../../node_modules/bluebird/js/release/async.js.Async._drainQueues (http://localhost:34167/__cypress/runner/cypress_runner.js:5041:5)\n    at Async.drainQueues (http://localhost:34167/__cypress/runner/cypress_runner.js:4911:14)\nFrom Your Spec Code:\n    at Context.eval (http://localhost:34167/__cypress/tests?p=cypress/integration/learn_test/table.spec.js:102:8)\n\nFrom Node.js Internals:\n  Error: connect ECONNREFUSED 208.73.210.217:443\n      at TCPConnectWrap.afterConnect [as oncomplete] (net.js:1134:16)\n  ",
                "diff": null
              },
              "uuid": "a93c6461-d524-4eb6-bc47-ccfc4f18c727",
              "parentUUID": "59b028b5-8948-47cc-bfee-9c8e99cb7f3a",
              "isHook": false,
              "skipped": false
            }
          ],
          "suites": [],
          "passes": [],
          "failures": [
            "a93c6461-d524-4eb6-bc47-ccfc4f18c727"
          ],
          "pending": [],
          "skipped": [],
          "duration": 17424,
          "root": false,
          "rootEmpty": false,
          "_timeout": 2000
        }
      ],
      "passes": [],
      "failures": [],
      "pending": [],
      "skipped": [],
      "duration": 0,
      "root": true,
      "rootEmpty": true,
      "_timeout": 2000
    }
  ],
  "meta": {
    "mocha": {
      "version": "7.0.1"
    },
    "mochawesome": {
      "options": {
        "quiet": false,
        "reportFilename": "mochawesome",
        "saveHtml": false,
        "saveJson": true,
        "consoleReporter": "spec",
        "useInlineDiffs": false,
        "code": true
      },
      "version": "6.1.1"
    },
    "marge": {
      "options": {
        "overwrite": true,
        "html": false,
        "json": true,
        "timestamp": "mmddyyyy_HHMMss"
      },
      "version": "5.1.0"
    }
  }
}