{
  "stats": {
    "suites": 1,
    "tests": 2,
    "passes": 0,
    "pending": 0,
    "failures": 2,
    "start": "2020-10-16T14:07:22.450Z",
    "end": "2020-10-16T14:10:00.934Z",
    "duration": 158484,
    "testsRegistered": 2,
    "passPercent": 0,
    "pendingPercent": 0,
    "other": 0,
    "hasOther": false,
    "skipped": 0,
    "hasSkipped": false
  },
  "results": [
    {
      "uuid": "c9e48ddc-f812-4a73-bad2-01464947940b",
      "title": "",
      "fullFile": "cypress/integration/learn_test/FirstTest.js",
      "file": "cypress/integration/learn_test/FirstTest.js",
      "beforeHooks": [],
      "afterHooks": [],
      "tests": [],
      "suites": [
        {
          "uuid": "6265d789-6565-406e-b574-14323e4d8f67",
          "title": "MyTestSuite",
          "fullFile": "",
          "file": "",
          "beforeHooks": [],
          "afterHooks": [],
          "tests": [
            {
              "title": "VerifyTitle",
              "fullTitle": "MyTestSuite VerifyTitle",
              "timedOut": null,
              "duration": 77570,
              "state": "failed",
              "speed": null,
              "pass": false,
              "fail": true,
              "pending": false,
              "context": null,
              "code": "cy.visit('https://www.nopcommerce.com/');\ncy.title().should('eq', 'nopCommerce demo store');",
              "err": {
                "message": "AssertionError: Timed out retrying: expected 'Free and open-source eCommerce platform. ASP.NET based shopping cart. - nopCommerce' to equal 'nopCommerce demo store'",
                "estack": "AssertionError: Timed out retrying: expected 'Free and open-source eCommerce platform. ASP.NET based shopping cart. - nopCommerce' to equal 'nopCommerce demo store'\n    at Context.eval (https://www.nopcommerce.com/__cypress/tests?p=cypress/integration/learn_test/FirstTest.js:102:16)",
                "diff": "- 'Free and open-source eCommerce platform. ASP.NET based shopping cart. - nopCommerce'\n+ 'nopCommerce demo store'\n"
              },
              "uuid": "710e1c7f-da6d-4a79-bf0e-1b3071be7d8b",
              "parentUUID": "6265d789-6565-406e-b574-14323e4d8f67",
              "isHook": false,
              "skipped": false
            },
            {
              "title": "VerifyTitle",
              "fullTitle": "MyTestSuite VerifyTitle",
              "timedOut": null,
              "duration": 64852,
              "state": "failed",
              "speed": null,
              "pass": false,
              "fail": true,
              "pending": false,
              "context": null,
              "code": "cy.visit('https://www.nopcommerce.com/');\ncy.title().should('eq', 'nopCommerce  store');",
              "err": {
                "message": "AssertionError: Timed out retrying: expected 'Free and open-source eCommerce platform. ASP.NET based shopping cart. - nopCommerce' to equal 'nopCommerce  store'",
                "estack": "AssertionError: Timed out retrying: expected 'Free and open-source eCommerce platform. ASP.NET based shopping cart. - nopCommerce' to equal 'nopCommerce  store'\n    at Context.eval (https://www.nopcommerce.com/__cypress/tests?p=cypress/integration/learn_test/FirstTest.js:106:16)",
                "diff": "- 'Free and open-source eCommerce platform. ASP.NET based shopping cart. - nopCommerce'\n+ 'nopCommerce  store'\n"
              },
              "uuid": "dca45e01-7928-4523-b0dd-bb0b55e6ccb6",
              "parentUUID": "6265d789-6565-406e-b574-14323e4d8f67",
              "isHook": false,
              "skipped": false
            }
          ],
          "suites": [],
          "passes": [],
          "failures": [
            "710e1c7f-da6d-4a79-bf0e-1b3071be7d8b",
            "dca45e01-7928-4523-b0dd-bb0b55e6ccb6"
          ],
          "pending": [],
          "skipped": [],
          "duration": 142422,
          "root": false,
          "rootEmpty": false,
          "_timeout": 2000
        }
      ],
      "passes": [],
      "failures": [],
      "pending": [],
      "skipped": [],
      "duration": 0,
      "root": true,
      "rootEmpty": true,
      "_timeout": 2000
    }
  ],
  "meta": {
    "mocha": {
      "version": "7.0.1"
    },
    "mochawesome": {
      "options": {
        "quiet": false,
        "reportFilename": "mochawesome",
        "saveHtml": false,
        "saveJson": true,
        "consoleReporter": "spec",
        "useInlineDiffs": false,
        "code": true
      },
      "version": "6.1.1"
    },
    "marge": {
      "options": {
        "overwrite": true,
        "html": false,
        "json": true,
        "timestamp": "mmddyyyy_HHMMss"
      },
      "version": "5.1.0"
    }
  }
}