{
  "stats": {
    "suites": 1,
    "tests": 1,
    "passes": 0,
    "pending": 0,
    "failures": 1,
    "start": "2020-10-16T14:06:51.854Z",
    "end": "2020-10-16T14:06:54.643Z",
    "duration": 2789,
    "testsRegistered": 3,
    "passPercent": 0,
    "pendingPercent": 0,
    "other": 0,
    "hasOther": false,
    "skipped": 2,
    "hasSkipped": true
  },
  "results": [
    {
      "uuid": "2a02d2b4-fb0d-4604-bfb4-72352210e68b",
      "title": "",
      "fullFile": "cypress/integration/learn_test/customCommandsDEMO.js",
      "file": "cypress/integration/learn_test/customCommandsDEMO.js",
      "beforeHooks": [],
      "afterHooks": [],
      "tests": [],
      "suites": [
        {
          "uuid": "0832860d-f620-4423-af3d-0cb4700dae0c",
          "title": "CustomSuite",
          "fullFile": "",
          "file": "",
          "beforeHooks": [],
          "afterHooks": [],
          "tests": [
            {
              "title": "Login test",
              "fullTitle": "CustomSuite Login test",
              "timedOut": null,
              "duration": 2147,
              "state": "failed",
              "speed": null,
              "pass": false,
              "fail": true,
              "pending": false,
              "context": null,
              "code": "cy.loginTest(\"admin@yourstore.com\", \"admin\"); //valid\ncy.title().should('be.equal', 'Dashboard / nopCommerce administration');\ncy.clearCookies();\ncy.loginTest(\"admin@yourstore.com\", \"admin12\"); //in valid\ncy.title().should('not.be.equal', 'Dashboard / nopCommerce administration');\ncy.clearCookies();\ncy.loginTest(\"qadmin@yourstore.com\", \"admin\"); //valid\ncy.title().should('not.be.equal', 'Dashboard / nopCommerce administration');\ncy.clearCookies();",
              "err": {
                "message": "Error: A fixture file could not be found at any of the following paths:\n\n> cypress/fixtures/test\n> cypress/fixtures/test{{extension}}\n\nCypress looked for these file extensions at the provided path:\n\n> .json, .js, .coffee, .html, .txt, .csv, .png, .jpg, .jpeg, .gif, .tif, .tiff, .zip\n\nProvide a path to an existing fixture file.\n\nBecause this error occurred during a `before each` hook we are skipping the remaining tests in the current suite: `CustomSuite`",
                "estack": "Error: A fixture file could not be found at any of the following paths:\n\n> cypress/fixtures/test\n> cypress/fixtures/test{{extension}}\n\nCypress looked for these file extensions at the provided path:\n\n> .json, .js, .coffee, .html, .txt, .csv, .png, .jpg, .jpeg, .gif, .tif, .tiff, .zip\n\nProvide a path to an existing fixture file.\n\nBecause this error occurred during a `before each` hook we are skipping the remaining tests in the current suite: `CustomSuite`\n    at get (/root/.cache/Cypress/5.3.0/Cypress/resources/app/packages/server/lib/errors.js:968:15)\n    at Object.throwErr [as throw] (/root/.cache/Cypress/5.3.0/Cypress/resources/app/packages/server/lib/errors.js:986:9)\n    at Object.<anonymous> (/root/.cache/Cypress/5.3.0/Cypress/resources/app/packages/server/lib/fixture.js:62:23)\n    at Object.tryCatcher (/root/.cache/Cypress/5.3.0/Cypress/resources/app/packages/server/node_modules/bluebird/js/release/util.js:16:23)\n    at Promise._settlePromiseFromHandler (/root/.cache/Cypress/5.3.0/Cypress/resources/app/packages/server/node_modules/bluebird/js/release/promise.js:547:31)\n    at Promise._settlePromise (/root/.cache/Cypress/5.3.0/Cypress/resources/app/packages/server/node_modules/bluebird/js/release/promise.js:604:18)\n    at Promise._settlePromise0 (/root/.cache/Cypress/5.3.0/Cypress/resources/app/packages/server/node_modules/bluebird/js/release/promise.js:649:10)\n    at Promise._settlePromises (/root/.cache/Cypress/5.3.0/Cypress/resources/app/packages/server/node_modules/bluebird/js/release/promise.js:729:18)\n    at Promise._fulfill (/root/.cache/Cypress/5.3.0/Cypress/resources/app/packages/server/node_modules/bluebird/js/release/promise.js:673:18)\n    at /root/.cache/Cypress/5.3.0/Cypress/resources/app/packages/server/node_modules/bluebird/js/release/nodeback.js:42:21\n    at f (/root/.cache/Cypress/5.3.0/Cypress/resources/app/packages/server/node_modules/once/once.js:25:25)\n    at Glob.<anonymous> (/root/.cache/Cypress/5.3.0/Cypress/resources/app/packages/server/node_modules/glob/glob.js:151:7)\n    at Glob.emit (events.js:223:5)\n    at Glob._finish (/root/.cache/Cypress/5.3.0/Cypress/resources/app/packages/server/node_modules/glob/glob.js:197:8)\n    at done (/root/.cache/Cypress/5.3.0/Cypress/resources/app/packages/server/node_modules/glob/glob.js:182:14)\n    at Glob._processSimple2 (/root/.cache/Cypress/5.3.0/Cypress/resources/app/packages/server/node_modules/glob/glob.js:688:12)\n    at /root/.cache/Cypress/5.3.0/Cypress/resources/app/packages/server/node_modules/glob/glob.js:676:10\n    at Glob._stat2 (/root/.cache/Cypress/5.3.0/Cypress/resources/app/packages/server/node_modules/glob/glob.js:772:12)\n    at lstatcb_ (/root/.cache/Cypress/5.3.0/Cypress/resources/app/packages/server/node_modules/glob/glob.js:764:12)\n    at RES (/root/.cache/Cypress/5.3.0/Cypress/resources/app/packages/server/node_modules/inflight/inflight.js:31:16)\n    at f (/root/.cache/Cypress/5.3.0/Cypress/resources/app/packages/server/node_modules/once/once.js:25:25)\n    at callback (/root/.cache/Cypress/5.3.0/Cypress/resources/app/packages/server/node_modules/graceful-fs/polyfills.js:289:20)\n    at FSReqCallback.oncomplete (fs.js:158:21)\n",
                "diff": null
              },
              "uuid": "6f2889a2-13b4-4638-9697-e2f98a049706",
              "parentUUID": "0832860d-f620-4423-af3d-0cb4700dae0c",
              "isHook": false,
              "skipped": false
            },
            {
              "title": "Add customer",
              "fullTitle": "CustomSuite Add customer",
              "timedOut": null,
              "duration": 0,
              "state": "skipped",
              "speed": null,
              "pass": false,
              "fail": false,
              "pending": false,
              "context": null,
              "code": "//Login script\ncy.visit('https://admin-demo.nopcommerce.com/login');\ncy.get('#Email').clear();\ncy.get('#Email').type(this.data.email);\ncy.get('input[value =admin]').clear();\ncy.get('input[value =admin]').type(this.data.password);\ncy.get('input[type=submit]').click(); // sing in\n//Script  for Adding new customer\ncy.log('Adding customer............');",
              "err": {},
              "uuid": "c04115ea-492f-41ff-a417-fca025927f98",
              "parentUUID": "0832860d-f620-4423-af3d-0cb4700dae0c",
              "isHook": false,
              "skipped": true
            },
            {
              "title": "Edit customer ",
              "fullTitle": "CustomSuite Edit customer ",
              "timedOut": null,
              "duration": 0,
              "state": "skipped",
              "speed": null,
              "pass": false,
              "fail": false,
              "pending": false,
              "context": null,
              "code": "cy.visit('https://admin-demo.nopcommerce.com/login');\ncy.get('#Email').clear();\ncy.get('#Email').type(this.data.email);\ncy.get('input[value =admin]').clear();\ncy.get('input[value =admin]').type(this.data.password);\ncy.get('input[type=submit]').click(); // sing in\n//Script  for Editing new customer\ncy.log('Editing customer............');",
              "err": {},
              "uuid": "c6d1b53d-6934-46d9-be31-2f31587a264a",
              "parentUUID": "0832860d-f620-4423-af3d-0cb4700dae0c",
              "isHook": false,
              "skipped": true
            }
          ],
          "suites": [],
          "passes": [],
          "failures": [
            "6f2889a2-13b4-4638-9697-e2f98a049706"
          ],
          "pending": [],
          "skipped": [
            "c04115ea-492f-41ff-a417-fca025927f98",
            "c6d1b53d-6934-46d9-be31-2f31587a264a"
          ],
          "duration": 2147,
          "root": false,
          "rootEmpty": false,
          "_timeout": 2000
        }
      ],
      "passes": [],
      "failures": [],
      "pending": [],
      "skipped": [],
      "duration": 0,
      "root": true,
      "rootEmpty": true,
      "_timeout": 2000
    }
  ],
  "meta": {
    "mocha": {
      "version": "7.0.1"
    },
    "mochawesome": {
      "options": {
        "quiet": false,
        "reportFilename": "mochawesome",
        "saveHtml": false,
        "saveJson": true,
        "consoleReporter": "spec",
        "useInlineDiffs": false,
        "code": true
      },
      "version": "6.1.1"
    },
    "marge": {
      "options": {
        "overwrite": true,
        "html": false,
        "json": true,
        "timestamp": "mmddyyyy_HHMMss"
      },
      "version": "5.1.0"
    }
  }
}