{
  "stats": {
    "suites": 1,
    "tests": 1,
    "passes": 0,
    "pending": 0,
    "failures": 1,
    "start": "2020-10-16T14:36:36.136Z",
    "end": "2020-10-16T14:36:44.422Z",
    "duration": 8286,
    "testsRegistered": 1,
    "passPercent": 0,
    "pendingPercent": 0,
    "other": 0,
    "hasOther": false,
    "skipped": 0,
    "hasSkipped": false
  },
  "results": [
    {
      "uuid": "44f52917-a4ba-4a31-9552-bf87f104f1cd",
      "title": "",
      "fullFile": "cypress/integration/Pharma WEB 14/Etms-FY-demo.js",
      "file": "cypress/integration/Pharma WEB 14/Etms-FY-demo.js",
      "beforeHooks": [],
      "afterHooks": [],
      "tests": [],
      "suites": [
        {
          "uuid": "08ef2328-cc35-4119-a5fc-49e71de43004",
          "title": "MyTestSuite",
          "fullFile": "",
          "file": "",
          "beforeHooks": [],
          "afterHooks": [],
          "tests": [
            {
              "title": "Verify Title Of The Page-positve",
              "fullTitle": "MyTestSuite Verify Title Of The Page-positve",
              "timedOut": null,
              "duration": 7801,
              "state": "failed",
              "speed": null,
              "pass": false,
              "fail": true,
              "pending": false,
              "context": null,
              "code": "cy.visit('https://v16.pharmahrm.com');\ncy.title().should('eq', 'Welcome!');\ncy.get('#username').type('sergey').should('have.value', 'sergey');\ncy.get('#password').type('proxima').should('have.value', 'proxima');\ncy.get('.btn').click();\ncy.get('.team_soft_geomarketing').click();\ncy.wait(10000);",
              "err": {
                "message": "CypressError: `cy.visit()` failed trying to load:\n\nhttps://v16.pharmahrm.com/\n\nWe attempted to make an http request to this URL but the request failed without a response.\n\nWe received this error at the network level:\n\n  > Error: getaddrinfo ENOTFOUND v16.pharmahrm.com\n\nCommon situations why this would fail:\n  - you don't have internet access\n  - you forgot to run / boot your web server\n  - your web server isn't accessible\n  - you have weird network configuration settings on your computer",
                "estack": "CypressError: `cy.visit()` failed trying to load:\n\nhttps://v16.pharmahrm.com/\n\nWe attempted to make an http request to this URL but the request failed without a response.\n\nWe received this error at the network level:\n\n  > Error: getaddrinfo ENOTFOUND v16.pharmahrm.com\n\nCommon situations why this would fail:\n  - you don't have internet access\n  - you forgot to run / boot your web server\n  - your web server isn't accessible\n  - you have weird network configuration settings on your computer\n    at http://localhost:34167/__cypress/runner/cypress_runner.js:157710:23\n    at visitFailedByErr (http://localhost:34167/__cypress/runner/cypress_runner.js:157065:12)\n    at http://localhost:34167/__cypress/runner/cypress_runner.js:157709:11\n    at tryCatcher (http://localhost:34167/__cypress/runner/cypress_runner.js:10325:23)\n    at Promise._settlePromiseFromHandler (http://localhost:34167/__cypress/runner/cypress_runner.js:8260:31)\n    at Promise._settlePromise (http://localhost:34167/__cypress/runner/cypress_runner.js:8317:18)\n    at Promise._settlePromise0 (http://localhost:34167/__cypress/runner/cypress_runner.js:8362:10)\n    at Promise._settlePromises (http://localhost:34167/__cypress/runner/cypress_runner.js:8438:18)\n    at _drainQueueStep (http://localhost:34167/__cypress/runner/cypress_runner.js:5032:12)\n    at _drainQueue (http://localhost:34167/__cypress/runner/cypress_runner.js:5025:9)\n    at Async.../../node_modules/bluebird/js/release/async.js.Async._drainQueues (http://localhost:34167/__cypress/runner/cypress_runner.js:5041:5)\n    at Async.drainQueues (http://localhost:34167/__cypress/runner/cypress_runner.js:4911:14)\nFrom Your Spec Code:\n    at Context.eval (eval at <anonymous> (http://localhost:34167/__cypress/runner/cypress_runner.js:175991:16), <anonymous>:101:8)\n\nFrom Node.js Internals:\n  Error: getaddrinfo ENOTFOUND v16.pharmahrm.com\n      at GetAddrInfoReqWrap.onlookup [as oncomplete] (dns.js:60:26)\n  ",
                "diff": null
              },
              "uuid": "a083cd44-8de3-44ea-8726-0bd72f411e5a",
              "parentUUID": "08ef2328-cc35-4119-a5fc-49e71de43004",
              "isHook": false,
              "skipped": false
            }
          ],
          "suites": [],
          "passes": [],
          "failures": [
            "a083cd44-8de3-44ea-8726-0bd72f411e5a"
          ],
          "pending": [],
          "skipped": [],
          "duration": 7801,
          "root": false,
          "rootEmpty": false,
          "_timeout": 2000
        }
      ],
      "passes": [],
      "failures": [],
      "pending": [],
      "skipped": [],
      "duration": 0,
      "root": true,
      "rootEmpty": true,
      "_timeout": 2000
    }
  ],
  "meta": {
    "mocha": {
      "version": "7.0.1"
    },
    "mochawesome": {
      "options": {
        "quiet": false,
        "reportFilename": "mochawesome",
        "saveHtml": false,
        "saveJson": true,
        "consoleReporter": "spec",
        "useInlineDiffs": false,
        "code": true
      },
      "version": "6.1.1"
    },
    "marge": {
      "options": {
        "overwrite": true,
        "html": false,
        "json": true,
        "timestamp": "mmddyyyy_HHMMss"
      },
      "version": "5.1.0"
    }
  }
}