{
  "stats": {
    "suites": 1,
    "tests": 9,
    "passes": 8,
    "pending": 0,
    "failures": 1,
    "start": "2020-10-13T13:36:31.765Z",
    "end": "2020-10-13T13:40:20.196Z",
    "duration": 228431,
    "testsRegistered": 16,
    "passPercent": 50,
    "pendingPercent": 0,
    "other": 0,
    "hasOther": false,
    "skipped": 7,
    "hasSkipped": true
  },
  "results": [
    {
      "uuid": "643ded62-db06-49e7-a02b-6f1ae36c7aaa",
      "title": "",
      "fullFile": "cypress\\integration\\GeoForce\\AutoTestGeoForce(E2E).js",
      "file": "cypress\\integration\\GeoForce\\AutoTestGeoForce(E2E).js",
      "beforeHooks": [],
      "afterHooks": [],
      "tests": [],
      "suites": [
        {
          "uuid": "895bf375-f519-467a-8702-1a89c3a75bfc",
          "title": "TestcaseSearch",
          "fullFile": "",
          "file": "",
          "beforeHooks": [],
          "afterHooks": [],
          "tests": [
            {
              "title": "Login",
              "fullTitle": "TestcaseSearch Login",
              "timedOut": null,
              "duration": 22596,
              "state": "passed",
              "speed": "slow",
              "pass": true,
              "fail": false,
              "pending": false,
              "context": null,
              "code": "login.visit(this.data.url);\ncy.title().then(function (tit) // проверка или геофорсе или велком\n{\n  if (tit == 'Приветствуем в PharmaHRM' || tit == 'Welcome to PharmaHRM') {\n    login.service(this.data.service);\n  } else if (tit == 'Welcome!') {\n    login.email(this.data.email);\n    login.password(this.data.password);\n    login.submit();\n  }\n});",
              "err": {},
              "uuid": "2c8d520d-9951-46a5-a8e5-a89ad5799668",
              "parentUUID": "895bf375-f519-467a-8702-1a89c3a75bfc",
              "isHook": false,
              "skipped": false
            },
            {
              "title": "first load Etms",
              "fullTitle": "TestcaseSearch first load Etms",
              "timedOut": null,
              "duration": 5661,
              "state": "passed",
              "speed": "slow",
              "pass": true,
              "fail": false,
              "pending": false,
              "context": null,
              "code": "//ожидание скрытия модального окна\ncy.get('#loader > .modal-dialog').should('not.be.visible');",
              "err": {},
              "uuid": "3a7dff60-a435-4437-ab87-204ca0978246",
              "parentUUID": "895bf375-f519-467a-8702-1a89c3a75bfc",
              "isHook": false,
              "skipped": false
            },
            {
              "title": "Verification-hidefields-grid-layer-FY",
              "fullTitle": "TestcaseSearch Verification-hidefields-grid-layer-FY",
              "timedOut": null,
              "duration": 929,
              "state": "passed",
              "speed": "slow",
              "pass": true,
              "fail": false,
              "pending": false,
              "context": null,
              "code": "// скрытие СТ , слои и ФО\ncy.get('#mainHeading').should('be.visible').should('contain', 'Сводная таблица').click().click();\ncy.get('#layerHeading').should('be.visible').should('contain', 'Слои').click().click();\ncy.get('#filtersHeading').should('be.visible').should('contain', 'Фильтр организаций').click().click();",
              "err": {},
              "uuid": "5e255e09-885a-403c-8993-d302fe576847",
              "parentUUID": "895bf375-f519-467a-8702-1a89c3a75bfc",
              "isHook": false,
              "skipped": false
            },
            {
              "title": "Select-region",
              "fullTitle": "TestcaseSearch Select-region",
              "timedOut": null,
              "duration": 81118,
              "state": "failed",
              "speed": null,
              "pass": false,
              "fail": true,
              "pending": false,
              "context": null,
              "code": "cy.get('[for=\"filtersRegions\"]').should('contain', 'Области');\ncy.get('[data-id=filtersRegions]').click();\ncy.get('.bs-container > .dropdown-menu.open > .bs-actionsbox > .btn-group > .bs-deselect-all').click().should('contain', 'Отменить все');\nif (this.data.country === \"ua\") {\n  cy.get('.bs-container > .dropdown-menu.open >').contains(this.data.KievRegion).click();\n  cy.get('.bs-container > .dropdown-menu.open >').contains(this.data.KievCity).click();\n  cy.get('.bs-container > .dropdown-menu.open >').contains(this.data.LvivRegion).click();\n} else if (this.data.country === \"ru\") {\n  cy.get('.bs-container > .dropdown-menu.open >').contains(this.data.MoscowCity).click();\n  cy.get('.bs-container > .dropdown-menu.open >').contains(this.data.MoscowRegion).click();\n  cy.get('.bs-container > .dropdown-menu.open >').contains(this.data.RostovRegion).click();\n}\ncy.get('[data-id=filtersRegions]').click();",
              "err": {
                "message": "CypressError: `cy.screenshot()` timed out waiting `30000ms` to complete.",
                "estack": "CypressError: `cy.screenshot()` timed out waiting `30000ms` to complete.\n    at https://demo.pharmahrm.com/__cypress/runner/cypress_runner.js:158967:22\n    at tryCatcher (https://demo.pharmahrm.com/__cypress/runner/cypress_runner.js:10325:23)\n    at https://demo.pharmahrm.com/__cypress/runner/cypress_runner.js:5447:41\n    at tryCatcher (https://demo.pharmahrm.com/__cypress/runner/cypress_runner.js:10325:23)\n    at Promise._settlePromiseFromHandler (https://demo.pharmahrm.com/__cypress/runner/cypress_runner.js:8260:31)\n    at Promise._settlePromise (https://demo.pharmahrm.com/__cypress/runner/cypress_runner.js:8317:18)\n    at Promise._settlePromise0 (https://demo.pharmahrm.com/__cypress/runner/cypress_runner.js:8362:10)\n    at Promise._settlePromises (https://demo.pharmahrm.com/__cypress/runner/cypress_runner.js:8438:18)\n    at _drainQueueStep (https://demo.pharmahrm.com/__cypress/runner/cypress_runner.js:5032:12)\n    at _drainQueue (https://demo.pharmahrm.com/__cypress/runner/cypress_runner.js:5025:9)\n    at Async.../../node_modules/bluebird/js/release/async.js.Async._drainQueues (https://demo.pharmahrm.com/__cypress/runner/cypress_runner.js:5041:5)\n    at Async.drainQueues (https://demo.pharmahrm.com/__cypress/runner/cypress_runner.js:4911:14)",
                "diff": null
              },
              "uuid": "14c662aa-8d06-4146-8a9f-a3393c0abeae",
              "parentUUID": "895bf375-f519-467a-8702-1a89c3a75bfc",
              "isHook": false,
              "skipped": false
            },
            {
              "title": "Select-CompanyTypes",
              "fullTitle": "TestcaseSearch Select-CompanyTypes",
              "timedOut": null,
              "duration": 39342,
              "state": "passed",
              "speed": "slow",
              "pass": true,
              "fail": false,
              "pending": false,
              "context": null,
              "code": "cy.get('[ng-show=\"main.companyTypes.length\"]').should('contain', 'Типы организаций');\ncy.get('[ng-show=\"main.companyTypes.length\"] > label > .ng-scope').check().should('be.checked');\ncy.get(\"[ng-show=\\\"main.filtersSelected.indexOf('companyTypes') != -1\\\"]\").click();\ncy.get('#bs-select-3-0 > .text').click();\ncy.get('#bs-select-3-1 > .text').click();\ncy.get('#bs-select-3-2 > .text').click();\ncy.get('#bs-select-3-3 > .text').click();\ncy.get('#bs-select-3-4 > .text').click();\ncy.get(\"[ng-show=\\\"main.filtersSelected.indexOf('companyTypes') != -1\\\"]\").click();\nButton.applyButtonFO();",
              "err": {},
              "uuid": "27b28f1f-4574-4d84-8529-1e0fa384f259",
              "parentUUID": "895bf375-f519-467a-8702-1a89c3a75bfc",
              "isHook": false,
              "skipped": false
            },
            {
              "title": "ZoomMap",
              "fullTitle": "TestcaseSearch ZoomMap",
              "timedOut": null,
              "duration": 16884,
              "state": "passed",
              "speed": "slow",
              "pass": true,
              "fail": false,
              "pending": false,
              "context": null,
              "code": "cy.get('[ng-click=\"main.zoomToCompanies(); $event.stopPropagation();\"]').should('be.visible').dblclick();\ncy.get('[data-original-title=\"Масштабировать по всем организациям\"]').should('be.visible');",
              "err": {},
              "uuid": "dd844abf-1221-456c-a6f8-35042d4ae332",
              "parentUUID": "895bf375-f519-467a-8702-1a89c3a75bfc",
              "isHook": false,
              "skipped": false
            },
            {
              "title": "ButtonresetFO",
              "fullTitle": "TestcaseSearch ButtonresetFO",
              "timedOut": null,
              "duration": 359,
              "state": "passed",
              "speed": "slow",
              "pass": true,
              "fail": false,
              "pending": false,
              "context": null,
              "code": "cy.get('#filtersApplyCollapse > .pull-right').click();",
              "err": {},
              "uuid": "e81422db-e20f-445f-bfc3-4b22375c684a",
              "parentUUID": "895bf375-f519-467a-8702-1a89c3a75bfc",
              "isHook": false,
              "skipped": false
            },
            {
              "title": "Polygonbrush",
              "fullTitle": "TestcaseSearch Polygonbrush",
              "timedOut": null,
              "duration": 31954,
              "state": "passed",
              "speed": "slow",
              "pass": true,
              "fail": false,
              "pending": false,
              "context": null,
              "code": "Button.BrashButton();\ncy.get('svg > g > path:nth-child(2)') // полигон на карте \n.click();\nButton.BrashButtonDone();\ncy.wait(30000);",
              "err": {},
              "uuid": "8ba9c08b-3e31-4f33-8642-052c1419236c",
              "parentUUID": "895bf375-f519-467a-8702-1a89c3a75bfc",
              "isHook": false,
              "skipped": false
            },
            {
              "title": "Agrid CompanyCount",
              "fullTitle": "TestcaseSearch Agrid CompanyCount",
              "timedOut": null,
              "duration": 98,
              "state": "passed",
              "speed": "slow",
              "pass": true,
              "fail": false,
              "pending": false,
              "context": null,
              "code": "grid.AgridCompany();",
              "err": {},
              "uuid": "fb271cda-e047-483b-9b8a-8c37ec12ef51",
              "parentUUID": "895bf375-f519-467a-8702-1a89c3a75bfc",
              "isHook": false,
              "skipped": false
            },
            {
              "title": "Agrid Turnover",
              "fullTitle": "TestcaseSearch Agrid Turnover",
              "timedOut": null,
              "duration": 0,
              "state": "skipped",
              "speed": null,
              "pass": false,
              "fail": false,
              "pending": false,
              "context": null,
              "code": "grid.AgridTurnover();",
              "err": {},
              "uuid": "5a26de3f-289a-4bca-be16-ebb538cc8603",
              "parentUUID": "895bf375-f519-467a-8702-1a89c3a75bfc",
              "isHook": false,
              "skipped": true
            },
            {
              "title": "Agrid MSSKU",
              "fullTitle": "TestcaseSearch Agrid MSSKU",
              "timedOut": null,
              "duration": 0,
              "state": "skipped",
              "speed": null,
              "pass": false,
              "fail": false,
              "pending": false,
              "context": null,
              "code": "grid.AgridMSSKUandColumns();",
              "err": {},
              "uuid": "d2b120dd-5fba-41ad-baa1-a1aada0faf14",
              "parentUUID": "895bf375-f519-467a-8702-1a89c3a75bfc",
              "isHook": false,
              "skipped": true
            },
            {
              "title": "PolygonErase",
              "fullTitle": "TestcaseSearch PolygonErase",
              "timedOut": null,
              "duration": 0,
              "state": "skipped",
              "speed": null,
              "pass": false,
              "fail": false,
              "pending": false,
              "context": null,
              "code": "Button.BrashButton();\ncy.get('[ng-class=\"{active: !main.currentUser.id}\"]').click();\ncy.get('svg > g > path:nth-child(2)') // полигон на карте \n.click();\nButton.BrashButtonDone();",
              "err": {},
              "uuid": "b4f09a53-dc85-4996-a9fb-d52c60053ce5",
              "parentUUID": "895bf375-f519-467a-8702-1a89c3a75bfc",
              "isHook": false,
              "skipped": true
            },
            {
              "title": "Agrid CompanyCount Zero",
              "fullTitle": "TestcaseSearch Agrid CompanyCount Zero",
              "timedOut": null,
              "duration": 0,
              "state": "skipped",
              "speed": null,
              "pass": false,
              "fail": false,
              "pending": false,
              "context": null,
              "code": "grid.AgridCompanyZero();",
              "err": {},
              "uuid": "ff9a7472-5b9d-4a9e-a693-760fd6715705",
              "parentUUID": "895bf375-f519-467a-8702-1a89c3a75bfc",
              "isHook": false,
              "skipped": true
            },
            {
              "title": "Agrid Turnover Zero",
              "fullTitle": "TestcaseSearch Agrid Turnover Zero",
              "timedOut": null,
              "duration": 0,
              "state": "skipped",
              "speed": null,
              "pass": false,
              "fail": false,
              "pending": false,
              "context": null,
              "code": "grid.AgridTurnoverZero();",
              "err": {},
              "uuid": "4b847e91-1389-4843-a696-b74b4654b79c",
              "parentUUID": "895bf375-f519-467a-8702-1a89c3a75bfc",
              "isHook": false,
              "skipped": true
            },
            {
              "title": "Agrid MSSKU Zero",
              "fullTitle": "TestcaseSearch Agrid MSSKU Zero",
              "timedOut": null,
              "duration": 0,
              "state": "skipped",
              "speed": null,
              "pass": false,
              "fail": false,
              "pending": false,
              "context": null,
              "code": "grid.AgridMSSKUandColumnsZero();",
              "err": {},
              "uuid": "45760b29-d894-40a3-b7db-ea05f62b20ca",
              "parentUUID": "895bf375-f519-467a-8702-1a89c3a75bfc",
              "isHook": false,
              "skipped": true
            },
            {
              "title": "Organization card",
              "fullTitle": "TestcaseSearch Organization card",
              "timedOut": null,
              "duration": 0,
              "state": "skipped",
              "speed": null,
              "pass": false,
              "fail": false,
              "pending": false,
              "context": null,
              "code": "",
              "err": {},
              "uuid": "b2b9beba-a4c3-4870-bac0-7fcbe91f5faa",
              "parentUUID": "895bf375-f519-467a-8702-1a89c3a75bfc",
              "isHook": false,
              "skipped": true
            }
          ],
          "suites": [],
          "passes": [
            "2c8d520d-9951-46a5-a8e5-a89ad5799668",
            "3a7dff60-a435-4437-ab87-204ca0978246",
            "5e255e09-885a-403c-8993-d302fe576847",
            "27b28f1f-4574-4d84-8529-1e0fa384f259",
            "dd844abf-1221-456c-a6f8-35042d4ae332",
            "e81422db-e20f-445f-bfc3-4b22375c684a",
            "8ba9c08b-3e31-4f33-8642-052c1419236c",
            "fb271cda-e047-483b-9b8a-8c37ec12ef51"
          ],
          "failures": [
            "14c662aa-8d06-4146-8a9f-a3393c0abeae"
          ],
          "pending": [],
          "skipped": [
            "5a26de3f-289a-4bca-be16-ebb538cc8603",
            "d2b120dd-5fba-41ad-baa1-a1aada0faf14",
            "b4f09a53-dc85-4996-a9fb-d52c60053ce5",
            "ff9a7472-5b9d-4a9e-a693-760fd6715705",
            "4b847e91-1389-4843-a696-b74b4654b79c",
            "45760b29-d894-40a3-b7db-ea05f62b20ca",
            "b2b9beba-a4c3-4870-bac0-7fcbe91f5faa"
          ],
          "duration": 198941,
          "root": false,
          "rootEmpty": false,
          "_timeout": 2000
        }
      ],
      "passes": [],
      "failures": [],
      "pending": [],
      "skipped": [],
      "duration": 0,
      "root": true,
      "rootEmpty": true,
      "_timeout": 2000
    }
  ],
  "meta": {
    "mocha": {
      "version": "7.0.1"
    },
    "mochawesome": {
      "options": {
        "quiet": false,
        "reportFilename": "mochawesome",
        "saveHtml": false,
        "saveJson": true,
        "consoleReporter": "spec",
        "useInlineDiffs": false,
        "code": true
      },
      "version": "6.1.1"
    },
    "marge": {
      "options": {
        "overwrite": true,
        "html": false,
        "json": true,
        "timestamp": "mmddyyyy_HHMMss"
      },
      "version": "5.1.0"
    }
  }
}