{
  "stats": {
    "suites": 1,
    "tests": 4,
    "passes": 0,
    "pending": 0,
    "failures": 4,
    "start": "2020-10-16T14:49:05.124Z",
    "end": "2020-10-16T14:51:47.255Z",
    "duration": 162131,
    "testsRegistered": 4,
    "passPercent": 0,
    "pendingPercent": 0,
    "other": 0,
    "hasOther": false,
    "skipped": 0,
    "hasSkipped": false
  },
  "results": [
    {
      "uuid": "edd0b53a-a51c-47bb-8451-4a5cd08d6234",
      "title": "",
      "fullFile": "cypress/integration/Pharma WEB 14/pharmaweb.js",
      "file": "cypress/integration/Pharma WEB 14/pharmaweb.js",
      "beforeHooks": [],
      "afterHooks": [],
      "tests": [],
      "suites": [
        {
          "uuid": "8fb14c44-d01c-42b3-8803-3d4f03d54f01",
          "title": "MyTestSuite",
          "fullFile": "",
          "file": "",
          "beforeHooks": [],
          "afterHooks": [],
          "tests": [
            {
              "title": "Verify Title Of The Page-positve",
              "fullTitle": "MyTestSuite Verify Title Of The Page-positve",
              "timedOut": null,
              "duration": 7962,
              "state": "failed",
              "speed": null,
              "pass": false,
              "fail": true,
              "pending": false,
              "context": null,
              "code": "cy.visit('https://v14.pharmahrm.com/login');\ncy.title().should('eq', 'Welcome!');",
              "err": {
                "message": "CypressError: `cy.visit()` failed trying to load:\n\nhttps://v14.pharmahrm.com/login\n\nWe attempted to make an http request to this URL but the request failed without a response.\n\nWe received this error at the network level:\n\n  > Error: getaddrinfo ENOTFOUND v14.pharmahrm.com\n\nCommon situations why this would fail:\n  - you don't have internet access\n  - you forgot to run / boot your web server\n  - your web server isn't accessible\n  - you have weird network configuration settings on your computer",
                "estack": "CypressError: `cy.visit()` failed trying to load:\n\nhttps://v14.pharmahrm.com/login\n\nWe attempted to make an http request to this URL but the request failed without a response.\n\nWe received this error at the network level:\n\n  > Error: getaddrinfo ENOTFOUND v14.pharmahrm.com\n\nCommon situations why this would fail:\n  - you don't have internet access\n  - you forgot to run / boot your web server\n  - your web server isn't accessible\n  - you have weird network configuration settings on your computer\n    at http://localhost:34167/__cypress/runner/cypress_runner.js:157710:23\n    at visitFailedByErr (http://localhost:34167/__cypress/runner/cypress_runner.js:157065:12)\n    at http://localhost:34167/__cypress/runner/cypress_runner.js:157709:11\n    at tryCatcher (http://localhost:34167/__cypress/runner/cypress_runner.js:10325:23)\n    at Promise._settlePromiseFromHandler (http://localhost:34167/__cypress/runner/cypress_runner.js:8260:31)\n    at Promise._settlePromise (http://localhost:34167/__cypress/runner/cypress_runner.js:8317:18)\n    at Promise._settlePromise0 (http://localhost:34167/__cypress/runner/cypress_runner.js:8362:10)\n    at Promise._settlePromises (http://localhost:34167/__cypress/runner/cypress_runner.js:8438:18)\n    at _drainQueueStep (http://localhost:34167/__cypress/runner/cypress_runner.js:5032:12)\n    at _drainQueue (http://localhost:34167/__cypress/runner/cypress_runner.js:5025:9)\n    at Async.../../node_modules/bluebird/js/release/async.js.Async._drainQueues (http://localhost:34167/__cypress/runner/cypress_runner.js:5041:5)\n    at Async.drainQueues (http://localhost:34167/__cypress/runner/cypress_runner.js:4911:14)\nFrom Your Spec Code:\n    at Context.eval (eval at <anonymous> (http://localhost:34167/__cypress/runner/cypress_runner.js:175991:16), <anonymous>:101:8)\n\nFrom Node.js Internals:\n  Error: getaddrinfo ENOTFOUND v14.pharmahrm.com\n      at GetAddrInfoReqWrap.onlookup [as oncomplete] (dns.js:60:26)\n  ",
                "diff": null
              },
              "uuid": "4ddfb272-2cd2-49cf-82a6-299f4343ef7b",
              "parentUUID": "8fb14c44-d01c-42b3-8803-3d4f03d54f01",
              "isHook": false,
              "skipped": false
            },
            {
              "title": "Enter Login",
              "fullTitle": "MyTestSuite Enter Login",
              "timedOut": null,
              "duration": 51198,
              "state": "failed",
              "speed": null,
              "pass": false,
              "fail": true,
              "pending": false,
              "context": null,
              "code": "cy.get('#username').type('Administrator').should('have.value', 'Administrator');",
              "err": {
                "message": "AssertionError: Timed out retrying: Expected to find element: `#username`, but never found it.",
                "estack": "AssertionError: Timed out retrying: Expected to find element: `#username`, but never found it.\n    at Context.eval (eval at <anonymous> (http://localhost:34167/__cypress/runner/cypress_runner.js:175991:16), <anonymous>:105:8)",
                "diff": null
              },
              "uuid": "05336982-a6d7-40ef-864d-5ac7e66e56b5",
              "parentUUID": "8fb14c44-d01c-42b3-8803-3d4f03d54f01",
              "isHook": false,
              "skipped": false
            },
            {
              "title": "Enter password",
              "fullTitle": "MyTestSuite Enter password",
              "timedOut": null,
              "duration": 51140,
              "state": "failed",
              "speed": null,
              "pass": false,
              "fail": true,
              "pending": false,
              "context": null,
              "code": "cy.get('#password').type('qweasdf').should('have.value', 'qweasdf');",
              "err": {
                "message": "AssertionError: Timed out retrying: Expected to find element: `#password`, but never found it.",
                "estack": "AssertionError: Timed out retrying: Expected to find element: `#password`, but never found it.\n    at Context.eval (eval at <anonymous> (http://localhost:34167/__cypress/runner/cypress_runner.js:175991:16), <anonymous>:108:8)",
                "diff": null
              },
              "uuid": "3253bf63-6e9c-4564-a117-3f0856f0a920",
              "parentUUID": "8fb14c44-d01c-42b3-8803-3d4f03d54f01",
              "isHook": false,
              "skipped": false
            },
            {
              "title": "Etms",
              "fullTitle": "MyTestSuite Etms",
              "timedOut": null,
              "duration": 50978,
              "state": "failed",
              "speed": null,
              "pass": false,
              "fail": true,
              "pending": false,
              "context": null,
              "code": "cy.get('.btn').click();\ncy.get('.team_soft_geomarketing').click().pause;\ncy.wait(10000);\ncy.get(\"[ng-class=\\\"{active: main.state.is('balancing')}\\\"] > a\").click();\ncy.get('#balancingForm > :nth-child(1) > .dropdown > .btn > .filter-option').click();\ncy.get('.bs-container > .dropdown-menu.open > .open > .dropdown-menu > :nth-child(3) > a').click().should('have.value', 'Киев');",
              "err": {
                "message": "AssertionError: Timed out retrying: Expected to find element: `.btn`, but never found it.",
                "estack": "AssertionError: Timed out retrying: Expected to find element: `.btn`, but never found it.\n    at Context.eval (eval at <anonymous> (http://localhost:34167/__cypress/runner/cypress_runner.js:175991:16), <anonymous>:111:8)",
                "diff": null
              },
              "uuid": "821fff06-7fcc-4e39-8175-d8fb9a8912c5",
              "parentUUID": "8fb14c44-d01c-42b3-8803-3d4f03d54f01",
              "isHook": false,
              "skipped": false
            }
          ],
          "suites": [],
          "passes": [],
          "failures": [
            "4ddfb272-2cd2-49cf-82a6-299f4343ef7b",
            "05336982-a6d7-40ef-864d-5ac7e66e56b5",
            "3253bf63-6e9c-4564-a117-3f0856f0a920",
            "821fff06-7fcc-4e39-8175-d8fb9a8912c5"
          ],
          "pending": [],
          "skipped": [],
          "duration": 161278,
          "root": false,
          "rootEmpty": false,
          "_timeout": 2000
        }
      ],
      "passes": [],
      "failures": [],
      "pending": [],
      "skipped": [],
      "duration": 0,
      "root": true,
      "rootEmpty": true,
      "_timeout": 2000
    }
  ],
  "meta": {
    "mocha": {
      "version": "7.0.1"
    },
    "mochawesome": {
      "options": {
        "quiet": false,
        "reportFilename": "mochawesome",
        "saveHtml": false,
        "saveJson": true,
        "consoleReporter": "spec",
        "useInlineDiffs": false,
        "code": true
      },
      "version": "6.1.1"
    },
    "marge": {
      "options": {
        "overwrite": true,
        "html": false,
        "json": true,
        "timestamp": "mmddyyyy_HHMMss"
      },
      "version": "5.1.0"
    }
  }
}