{
  "stats": {
    "suites": 1,
    "tests": 1,
    "passes": 1,
    "pending": 0,
    "failures": 0,
    "start": "2020-10-16T14:19:13.327Z",
    "end": "2020-10-16T14:19:57.192Z",
    "duration": 43865,
    "testsRegistered": 1,
    "passPercent": 100,
    "pendingPercent": 0,
    "other": 0,
    "hasOther": false,
    "skipped": 0,
    "hasSkipped": false
  },
  "results": [
    {
      "uuid": "2382add1-3563-4bcc-9f24-829f1e192747",
      "title": "",
      "fullFile": "cypress/integration/learn_test/Navigation.spec.js",
      "file": "cypress/integration/learn_test/Navigation.spec.js",
      "beforeHooks": [],
      "afterHooks": [],
      "tests": [],
      "suites": [
        {
          "uuid": "dd02f400-221e-41eb-b350-084b74c90394",
          "title": "My suite",
          "fullFile": "",
          "file": "",
          "beforeHooks": [],
          "afterHooks": [],
          "tests": [
            {
              "title": "NAvigation Tests",
              "fullTitle": "My suite NAvigation Tests",
              "timedOut": null,
              "duration": 27894,
              "state": "passed",
              "speed": "slow",
              "pass": true,
              "fail": false,
              "pending": false,
              "context": null,
              "code": "cy.visit(\"https://demo.nopcommerce.com/\");\ncy.title().should('eq', 'nopCommerce demo store'); // home\ncy.get('.ico-register').contains('Reg').click();\ncy.title().should('eq', 'nopCommerce demo store. Register'); // Reg page\ncy.go('back'); // вернуть назад стрелка\ncy.title().should('eq', 'nopCommerce demo store'); // home\ncy.go('forward'); // вернуть вперед стрелка\ncy.title().should('eq', 'nopCommerce demo store. Register');\ncy.go(-1); // back\ncy.title().should('eq', 'nopCommerce demo store'); // home\ncy.go(1); // forward\ncy.title().should('eq', 'nopCommerce demo store. Register'); // home\ncy.reload();",
              "err": {},
              "uuid": "2220f63d-e634-40af-a874-b74f3350a727",
              "parentUUID": "dd02f400-221e-41eb-b350-084b74c90394",
              "isHook": false,
              "skipped": false
            }
          ],
          "suites": [],
          "passes": [
            "2220f63d-e634-40af-a874-b74f3350a727"
          ],
          "failures": [],
          "pending": [],
          "skipped": [],
          "duration": 27894,
          "root": false,
          "rootEmpty": false,
          "_timeout": 2000
        }
      ],
      "passes": [],
      "failures": [],
      "pending": [],
      "skipped": [],
      "duration": 0,
      "root": true,
      "rootEmpty": true,
      "_timeout": 2000
    }
  ],
  "meta": {
    "mocha": {
      "version": "7.0.1"
    },
    "mochawesome": {
      "options": {
        "quiet": false,
        "reportFilename": "mochawesome",
        "saveHtml": false,
        "saveJson": true,
        "consoleReporter": "spec",
        "useInlineDiffs": false,
        "code": true
      },
      "version": "6.1.1"
    },
    "marge": {
      "options": {
        "overwrite": true,
        "html": false,
        "json": true,
        "timestamp": "mmddyyyy_HHMMss"
      },
      "version": "5.1.0"
    }
  }
}