{
  "stats": {
    "suites": 1,
    "tests": 18,
    "passes": 18,
    "pending": 0,
    "failures": 0,
    "start": "2020-10-16T13:10:49.826Z",
    "end": "2020-10-16T13:13:22.820Z",
    "duration": 152994,
    "testsRegistered": 18,
    "passPercent": 100,
    "pendingPercent": 0,
    "other": 0,
    "hasOther": false,
    "skipped": 0,
    "hasSkipped": false
  },
  "results": [
    {
      "uuid": "7f81b5a5-4b0c-4004-a92f-03edd3a33a24",
      "title": "",
      "fullFile": "cypress/integration/examples/traversal.spec.js",
      "file": "cypress/integration/examples/traversal.spec.js",
      "beforeHooks": [],
      "afterHooks": [],
      "tests": [],
      "suites": [
        {
          "uuid": "a59135dd-5d37-439d-9cd9-a347ad43da1d",
          "title": "Traversal",
          "fullFile": "",
          "file": "",
          "beforeHooks": [],
          "afterHooks": [],
          "tests": [
            {
              "title": ".children() - get child DOM elements",
              "fullTitle": "Traversal .children() - get child DOM elements",
              "timedOut": null,
              "duration": 12318,
              "state": "passed",
              "speed": "slow",
              "pass": true,
              "fail": false,
              "pending": false,
              "context": null,
              "code": "// https://on.cypress.io/children\ncy.get('.traversal-breadcrumb').children('.active').should('contain', 'Data');",
              "err": {},
              "uuid": "9ac6fd37-0ab4-463d-8daf-5f4fcb028fb1",
              "parentUUID": "a59135dd-5d37-439d-9cd9-a347ad43da1d",
              "isHook": false,
              "skipped": false
            },
            {
              "title": ".closest() - get closest ancestor DOM element",
              "fullTitle": "Traversal .closest() - get closest ancestor DOM element",
              "timedOut": null,
              "duration": 5996,
              "state": "passed",
              "speed": "slow",
              "pass": true,
              "fail": false,
              "pending": false,
              "context": null,
              "code": "// https://on.cypress.io/closest\ncy.get('.traversal-badge').closest('ul').should('have.class', 'list-group');",
              "err": {},
              "uuid": "0d510569-a0a1-4b7c-aa11-08cf8fdf2a3f",
              "parentUUID": "a59135dd-5d37-439d-9cd9-a347ad43da1d",
              "isHook": false,
              "skipped": false
            },
            {
              "title": ".eq() - get a DOM element at a specific index",
              "fullTitle": "Traversal .eq() - get a DOM element at a specific index",
              "timedOut": null,
              "duration": 3737,
              "state": "passed",
              "speed": "slow",
              "pass": true,
              "fail": false,
              "pending": false,
              "context": null,
              "code": "// https://on.cypress.io/eq\ncy.get('.traversal-list>li').eq(1).should('contain', 'siamese');",
              "err": {},
              "uuid": "0c04d7e4-c0d6-4254-a8ea-fdbcae9d5b8d",
              "parentUUID": "a59135dd-5d37-439d-9cd9-a347ad43da1d",
              "isHook": false,
              "skipped": false
            },
            {
              "title": ".filter() - get DOM elements that match the selector",
              "fullTitle": "Traversal .filter() - get DOM elements that match the selector",
              "timedOut": null,
              "duration": 2772,
              "state": "passed",
              "speed": "slow",
              "pass": true,
              "fail": false,
              "pending": false,
              "context": null,
              "code": "// https://on.cypress.io/filter\ncy.get('.traversal-nav>li').filter('.active').should('contain', 'About');",
              "err": {},
              "uuid": "4cc5ad4f-58cf-455d-be67-621748fed0de",
              "parentUUID": "a59135dd-5d37-439d-9cd9-a347ad43da1d",
              "isHook": false,
              "skipped": false
            },
            {
              "title": ".find() - get descendant DOM elements of the selector",
              "fullTitle": "Traversal .find() - get descendant DOM elements of the selector",
              "timedOut": null,
              "duration": 4851,
              "state": "passed",
              "speed": "slow",
              "pass": true,
              "fail": false,
              "pending": false,
              "context": null,
              "code": "// https://on.cypress.io/find\ncy.get('.traversal-pagination').find('li').find('a').should('have.length', 7);",
              "err": {},
              "uuid": "0b81a2a3-f2cb-4c4e-b4b7-473ccfdebd40",
              "parentUUID": "a59135dd-5d37-439d-9cd9-a347ad43da1d",
              "isHook": false,
              "skipped": false
            },
            {
              "title": ".first() - get first DOM element",
              "fullTitle": "Traversal .first() - get first DOM element",
              "timedOut": null,
              "duration": 3453,
              "state": "passed",
              "speed": "slow",
              "pass": true,
              "fail": false,
              "pending": false,
              "context": null,
              "code": "// https://on.cypress.io/first\ncy.get('.traversal-table td').first().should('contain', '1');",
              "err": {},
              "uuid": "6fa17186-870f-44cb-a61c-c923b5d35680",
              "parentUUID": "a59135dd-5d37-439d-9cd9-a347ad43da1d",
              "isHook": false,
              "skipped": false
            },
            {
              "title": ".last() - get last DOM element",
              "fullTitle": "Traversal .last() - get last DOM element",
              "timedOut": null,
              "duration": 4135,
              "state": "passed",
              "speed": "slow",
              "pass": true,
              "fail": false,
              "pending": false,
              "context": null,
              "code": "// https://on.cypress.io/last\ncy.get('.traversal-buttons .btn').last().should('contain', 'Submit');",
              "err": {},
              "uuid": "458373ca-1935-46ac-a447-d1ebf9ab7e62",
              "parentUUID": "a59135dd-5d37-439d-9cd9-a347ad43da1d",
              "isHook": false,
              "skipped": false
            },
            {
              "title": ".next() - get next sibling DOM element",
              "fullTitle": "Traversal .next() - get next sibling DOM element",
              "timedOut": null,
              "duration": 7288,
              "state": "passed",
              "speed": "slow",
              "pass": true,
              "fail": false,
              "pending": false,
              "context": null,
              "code": "// https://on.cypress.io/next\ncy.get('.traversal-ul').contains('apples').next().should('contain', 'oranges');",
              "err": {},
              "uuid": "b326bb62-c7e5-4173-ac02-8203679bcc7e",
              "parentUUID": "a59135dd-5d37-439d-9cd9-a347ad43da1d",
              "isHook": false,
              "skipped": false
            },
            {
              "title": ".nextAll() - get all next sibling DOM elements",
              "fullTitle": "Traversal .nextAll() - get all next sibling DOM elements",
              "timedOut": null,
              "duration": 10805,
              "state": "passed",
              "speed": "slow",
              "pass": true,
              "fail": false,
              "pending": false,
              "context": null,
              "code": "// https://on.cypress.io/nextall\ncy.get('.traversal-next-all').contains('oranges').nextAll().should('have.length', 3);",
              "err": {},
              "uuid": "c08fdb61-3b95-46ca-90ae-27c58cd98fb4",
              "parentUUID": "a59135dd-5d37-439d-9cd9-a347ad43da1d",
              "isHook": false,
              "skipped": false
            },
            {
              "title": ".nextUntil() - get next sibling DOM elements until next el",
              "fullTitle": "Traversal .nextUntil() - get next sibling DOM elements until next el",
              "timedOut": null,
              "duration": 7738,
              "state": "passed",
              "speed": "slow",
              "pass": true,
              "fail": false,
              "pending": false,
              "context": null,
              "code": "// https://on.cypress.io/nextuntil\ncy.get('#veggies').nextUntil('#nuts').should('have.length', 3);",
              "err": {},
              "uuid": "c9791168-5e8c-470b-ac19-e84d4567a7d9",
              "parentUUID": "a59135dd-5d37-439d-9cd9-a347ad43da1d",
              "isHook": false,
              "skipped": false
            },
            {
              "title": ".not() - remove DOM elements from set of DOM elements",
              "fullTitle": "Traversal .not() - remove DOM elements from set of DOM elements",
              "timedOut": null,
              "duration": 5105,
              "state": "passed",
              "speed": "slow",
              "pass": true,
              "fail": false,
              "pending": false,
              "context": null,
              "code": "// https://on.cypress.io/not\ncy.get('.traversal-disabled .btn').not('[disabled]').should('not.contain', 'Disabled');",
              "err": {},
              "uuid": "a14b4300-d391-4117-8d5a-3e0c2b80216d",
              "parentUUID": "a59135dd-5d37-439d-9cd9-a347ad43da1d",
              "isHook": false,
              "skipped": false
            },
            {
              "title": ".parent() - get parent DOM element from DOM elements",
              "fullTitle": "Traversal .parent() - get parent DOM element from DOM elements",
              "timedOut": null,
              "duration": 10114,
              "state": "passed",
              "speed": "slow",
              "pass": true,
              "fail": false,
              "pending": false,
              "context": null,
              "code": "// https://on.cypress.io/parent\ncy.get('.traversal-mark').parent().should('contain', 'Morbi leo risus');",
              "err": {},
              "uuid": "a342f625-c66e-4076-b994-1890b300f672",
              "parentUUID": "a59135dd-5d37-439d-9cd9-a347ad43da1d",
              "isHook": false,
              "skipped": false
            },
            {
              "title": ".parents() - get parent DOM elements from DOM elements",
              "fullTitle": "Traversal .parents() - get parent DOM elements from DOM elements",
              "timedOut": null,
              "duration": 9746,
              "state": "passed",
              "speed": "slow",
              "pass": true,
              "fail": false,
              "pending": false,
              "context": null,
              "code": "// https://on.cypress.io/parents\ncy.get('.traversal-cite').parents().should('match', 'blockquote');",
              "err": {},
              "uuid": "5ac2ebfa-0c21-4095-9ecf-3470acddf6c6",
              "parentUUID": "a59135dd-5d37-439d-9cd9-a347ad43da1d",
              "isHook": false,
              "skipped": false
            },
            {
              "title": ".parentsUntil() - get parent DOM elements from DOM elements until el",
              "fullTitle": "Traversal .parentsUntil() - get parent DOM elements from DOM elements until el",
              "timedOut": null,
              "duration": 7092,
              "state": "passed",
              "speed": "slow",
              "pass": true,
              "fail": false,
              "pending": false,
              "context": null,
              "code": "// https://on.cypress.io/parentsuntil\ncy.get('.clothes-nav').find('.active').parentsUntil('.clothes-nav').should('have.length', 2);",
              "err": {},
              "uuid": "016a64de-5430-4d24-857a-0662ad9cabdf",
              "parentUUID": "a59135dd-5d37-439d-9cd9-a347ad43da1d",
              "isHook": false,
              "skipped": false
            },
            {
              "title": ".prev() - get previous sibling DOM element",
              "fullTitle": "Traversal .prev() - get previous sibling DOM element",
              "timedOut": null,
              "duration": 5283,
              "state": "passed",
              "speed": "slow",
              "pass": true,
              "fail": false,
              "pending": false,
              "context": null,
              "code": "// https://on.cypress.io/prev\ncy.get('.birds').find('.active').prev().should('contain', 'Lorikeets');",
              "err": {},
              "uuid": "36025948-873d-4b09-8c75-365ca86dbd26",
              "parentUUID": "a59135dd-5d37-439d-9cd9-a347ad43da1d",
              "isHook": false,
              "skipped": false
            },
            {
              "title": ".prevAll() - get all previous sibling DOM elements",
              "fullTitle": "Traversal .prevAll() - get all previous sibling DOM elements",
              "timedOut": null,
              "duration": 3246,
              "state": "passed",
              "speed": "slow",
              "pass": true,
              "fail": false,
              "pending": false,
              "context": null,
              "code": "// https://on.cypress.io/prevAll\ncy.get('.fruits-list').find('.third').prevAll().should('have.length', 2);",
              "err": {},
              "uuid": "45f31c6e-3b16-49c7-9911-542dd3f5e5af",
              "parentUUID": "a59135dd-5d37-439d-9cd9-a347ad43da1d",
              "isHook": false,
              "skipped": false
            },
            {
              "title": ".prevUntil() - get all previous sibling DOM elements until el",
              "fullTitle": "Traversal .prevUntil() - get all previous sibling DOM elements until el",
              "timedOut": null,
              "duration": 10323,
              "state": "passed",
              "speed": "slow",
              "pass": true,
              "fail": false,
              "pending": false,
              "context": null,
              "code": "// https://on.cypress.io/prevUntil\ncy.get('.foods-list').find('#nuts').prevUntil('#veggies').should('have.length', 3);",
              "err": {},
              "uuid": "9e6bce40-2197-46c9-9215-ae59dfb71fad",
              "parentUUID": "a59135dd-5d37-439d-9cd9-a347ad43da1d",
              "isHook": false,
              "skipped": false
            },
            {
              "title": ".siblings() - get all sibling DOM elements",
              "fullTitle": "Traversal .siblings() - get all sibling DOM elements",
              "timedOut": null,
              "duration": 8175,
              "state": "passed",
              "speed": "slow",
              "pass": true,
              "fail": false,
              "pending": false,
              "context": null,
              "code": "// https://on.cypress.io/siblings\ncy.get('.traversal-pills .active').siblings().should('have.length', 2);",
              "err": {},
              "uuid": "45989eed-fc42-4bd9-b141-e819eb14cf42",
              "parentUUID": "a59135dd-5d37-439d-9cd9-a347ad43da1d",
              "isHook": false,
              "skipped": false
            }
          ],
          "suites": [],
          "passes": [
            "9ac6fd37-0ab4-463d-8daf-5f4fcb028fb1",
            "0d510569-a0a1-4b7c-aa11-08cf8fdf2a3f",
            "0c04d7e4-c0d6-4254-a8ea-fdbcae9d5b8d",
            "4cc5ad4f-58cf-455d-be67-621748fed0de",
            "0b81a2a3-f2cb-4c4e-b4b7-473ccfdebd40",
            "6fa17186-870f-44cb-a61c-c923b5d35680",
            "458373ca-1935-46ac-a447-d1ebf9ab7e62",
            "b326bb62-c7e5-4173-ac02-8203679bcc7e",
            "c08fdb61-3b95-46ca-90ae-27c58cd98fb4",
            "c9791168-5e8c-470b-ac19-e84d4567a7d9",
            "a14b4300-d391-4117-8d5a-3e0c2b80216d",
            "a342f625-c66e-4076-b994-1890b300f672",
            "5ac2ebfa-0c21-4095-9ecf-3470acddf6c6",
            "016a64de-5430-4d24-857a-0662ad9cabdf",
            "36025948-873d-4b09-8c75-365ca86dbd26",
            "45f31c6e-3b16-49c7-9911-542dd3f5e5af",
            "9e6bce40-2197-46c9-9215-ae59dfb71fad",
            "45989eed-fc42-4bd9-b141-e819eb14cf42"
          ],
          "failures": [],
          "pending": [],
          "skipped": [],
          "duration": 122177,
          "root": false,
          "rootEmpty": false,
          "_timeout": 2000
        }
      ],
      "passes": [],
      "failures": [],
      "pending": [],
      "skipped": [],
      "duration": 0,
      "root": true,
      "rootEmpty": true,
      "_timeout": 2000
    }
  ],
  "meta": {
    "mocha": {
      "version": "7.0.1"
    },
    "mochawesome": {
      "options": {
        "quiet": false,
        "reportFilename": "mochawesome",
        "saveHtml": false,
        "saveJson": true,
        "consoleReporter": "spec",
        "useInlineDiffs": false,
        "code": true
      },
      "version": "6.1.1"
    },
    "marge": {
      "options": {
        "overwrite": true,
        "html": false,
        "json": true,
        "timestamp": "mmddyyyy_HHMMss"
      },
      "version": "5.1.0"
    }
  }
}