{
  "stats": {
    "suites": 1,
    "tests": 1,
    "passes": 0,
    "pending": 0,
    "failures": 1,
    "start": "2020-10-16T14:41:00.585Z",
    "end": "2020-10-16T14:42:09.313Z",
    "duration": 68728,
    "testsRegistered": 1,
    "passPercent": 0,
    "pendingPercent": 0,
    "other": 0,
    "hasOther": false,
    "skipped": 0,
    "hasSkipped": false
  },
  "results": [
    {
      "uuid": "d2f20431-9272-4c0b-83a3-2bb550e0fdf8",
      "title": "",
      "fullFile": "cypress/integration/Pharma WEB 14/locations.spec.js",
      "file": "cypress/integration/Pharma WEB 14/locations.spec.js",
      "beforeHooks": [],
      "afterHooks": [],
      "tests": [],
      "suites": [
        {
          "uuid": "9f46aed2-baf7-48a0-9447-6865df612a46",
          "title": "locating Elements",
          "fullFile": "",
          "file": "",
          "beforeHooks": [],
          "afterHooks": [],
          "tests": [
            {
              "title": "Verify types of locators",
              "fullTitle": "locating Elements Verify types of locators",
              "timedOut": null,
              "duration": 59106,
              "state": "failed",
              "speed": null,
              "pass": false,
              "fail": true,
              "pending": false,
              "context": null,
              "code": "cy.visit(\"https://demo.nopcommerce.com\"); // open URL \ncy.get(\"#small_searchterms\").type(\"Apple MacBook Pro 13-inch\"); // search box\ncy.get(\"[type ='submit']\").click; // click on Search button\ncy.get(\" .product-box-add-to-cart-button[value = 'Add to cart']\").click(); // click ADD To CART\ncy.get(\"#product_enteredQuantity_4\").clear().type('2'); // Quantity\ncy.get(\"#add-to-cart-button-4\").click(); // Add to cart button\ncy.wait(5000);\ncy.get(\"#topcartlink > a > span.cart-label\").click(); // shopping card click\ncy.wait(3000); // validating point\ncy.get(\".product-unit-price\").contains('$1,800.00'); // validating point",
              "err": {
                "message": "AssertionError: Timed out retrying: Expected to find element: `#small_searchterms`, but never found it.",
                "estack": "AssertionError: Timed out retrying: Expected to find element: `#small_searchterms`, but never found it.\n    at Context.eval (eval at <anonymous> (https://demo.nopcommerce.com/__cypress/runner/cypress_runner.js:175991:16), <anonymous>:103:8)",
                "diff": null
              },
              "uuid": "3d9546ac-7f7b-48cf-a341-0c5c97c29a7d",
              "parentUUID": "9f46aed2-baf7-48a0-9447-6865df612a46",
              "isHook": false,
              "skipped": false
            }
          ],
          "suites": [],
          "passes": [],
          "failures": [
            "3d9546ac-7f7b-48cf-a341-0c5c97c29a7d"
          ],
          "pending": [],
          "skipped": [],
          "duration": 59106,
          "root": false,
          "rootEmpty": false,
          "_timeout": 2000
        }
      ],
      "passes": [],
      "failures": [],
      "pending": [],
      "skipped": [],
      "duration": 0,
      "root": true,
      "rootEmpty": true,
      "_timeout": 2000
    }
  ],
  "meta": {
    "mocha": {
      "version": "7.0.1"
    },
    "mochawesome": {
      "options": {
        "quiet": false,
        "reportFilename": "mochawesome",
        "saveHtml": false,
        "saveJson": true,
        "consoleReporter": "spec",
        "useInlineDiffs": false,
        "code": true
      },
      "version": "6.1.1"
    },
    "marge": {
      "options": {
        "overwrite": true,
        "html": false,
        "json": true,
        "timestamp": "mmddyyyy_HHMMss"
      },
      "version": "5.1.0"
    }
  }
}