{
  "stats": {
    "suites": 1,
    "tests": 4,
    "passes": 0,
    "pending": 0,
    "failures": 4,
    "start": "2020-10-16T15:07:40.801Z",
    "end": "2020-10-16T15:10:22.655Z",
    "duration": 161854,
    "testsRegistered": 4,
    "passPercent": 0,
    "pendingPercent": 0,
    "other": 0,
    "hasOther": false,
    "skipped": 0,
    "hasSkipped": false
  },
  "results": [
    {
      "uuid": "403bc784-59a5-47b6-8a3a-9819755478da",
      "title": "",
      "fullFile": "cypress/integration/Pharma WEB 14/Routes v12.js",
      "file": "cypress/integration/Pharma WEB 14/Routes v12.js",
      "beforeHooks": [],
      "afterHooks": [],
      "tests": [],
      "suites": [
        {
          "uuid": "00a69b6b-eba3-4651-ba69-0896f1e6f734",
          "title": "MyTestSuite",
          "fullFile": "",
          "file": "",
          "beforeHooks": [],
          "afterHooks": [],
          "tests": [
            {
              "title": "Verify Title Of The Page-positve",
              "fullTitle": "MyTestSuite Verify Title Of The Page-positve",
              "timedOut": null,
              "duration": 7771,
              "state": "failed",
              "speed": null,
              "pass": false,
              "fail": true,
              "pending": false,
              "context": null,
              "code": "cy.visit('https://v12.pharmahrm.com/login'); // go web \ncy.title().should('eq', 'Welcome!');",
              "err": {
                "message": "CypressError: `cy.visit()` failed trying to load:\n\nhttps://v12.pharmahrm.com/login\n\nWe attempted to make an http request to this URL but the request failed without a response.\n\nWe received this error at the network level:\n\n  > Error: getaddrinfo ENOTFOUND v12.pharmahrm.com\n\nCommon situations why this would fail:\n  - you don't have internet access\n  - you forgot to run / boot your web server\n  - your web server isn't accessible\n  - you have weird network configuration settings on your computer",
                "estack": "CypressError: `cy.visit()` failed trying to load:\n\nhttps://v12.pharmahrm.com/login\n\nWe attempted to make an http request to this URL but the request failed without a response.\n\nWe received this error at the network level:\n\n  > Error: getaddrinfo ENOTFOUND v12.pharmahrm.com\n\nCommon situations why this would fail:\n  - you don't have internet access\n  - you forgot to run / boot your web server\n  - your web server isn't accessible\n  - you have weird network configuration settings on your computer\n    at http://localhost:34167/__cypress/runner/cypress_runner.js:157710:23\n    at visitFailedByErr (http://localhost:34167/__cypress/runner/cypress_runner.js:157065:12)\n    at http://localhost:34167/__cypress/runner/cypress_runner.js:157709:11\n    at tryCatcher (http://localhost:34167/__cypress/runner/cypress_runner.js:10325:23)\n    at Promise._settlePromiseFromHandler (http://localhost:34167/__cypress/runner/cypress_runner.js:8260:31)\n    at Promise._settlePromise (http://localhost:34167/__cypress/runner/cypress_runner.js:8317:18)\n    at Promise._settlePromise0 (http://localhost:34167/__cypress/runner/cypress_runner.js:8362:10)\n    at Promise._settlePromises (http://localhost:34167/__cypress/runner/cypress_runner.js:8438:18)\n    at _drainQueueStep (http://localhost:34167/__cypress/runner/cypress_runner.js:5032:12)\n    at _drainQueue (http://localhost:34167/__cypress/runner/cypress_runner.js:5025:9)\n    at Async.../../node_modules/bluebird/js/release/async.js.Async._drainQueues (http://localhost:34167/__cypress/runner/cypress_runner.js:5041:5)\n    at Async.drainQueues (http://localhost:34167/__cypress/runner/cypress_runner.js:4911:14)\nFrom Your Spec Code:\n    at Context.eval (eval at <anonymous> (http://localhost:34167/__cypress/runner/cypress_runner.js:175991:16), <anonymous>:101:8)\n\nFrom Node.js Internals:\n  Error: getaddrinfo ENOTFOUND v12.pharmahrm.com\n      at GetAddrInfoReqWrap.onlookup [as oncomplete] (dns.js:60:26)\n  ",
                "diff": null
              },
              "uuid": "e0062a86-27ef-4b2a-a513-fb361b6a84bc",
              "parentUUID": "00a69b6b-eba3-4651-ba69-0896f1e6f734",
              "isHook": false,
              "skipped": false
            },
            {
              "title": "Enter Login",
              "fullTitle": "MyTestSuite Enter Login",
              "timedOut": null,
              "duration": 51301,
              "state": "failed",
              "speed": null,
              "pass": false,
              "fail": true,
              "pending": false,
              "context": null,
              "code": "cy.get('#username').type('Administrator').should('have.value', 'Administrator'); // enter login",
              "err": {
                "message": "AssertionError: Timed out retrying: Expected to find element: `#username`, but never found it.",
                "estack": "AssertionError: Timed out retrying: Expected to find element: `#username`, but never found it.\n    at Context.eval (eval at <anonymous> (http://localhost:34167/__cypress/runner/cypress_runner.js:175991:16), <anonymous>:106:8)",
                "diff": null
              },
              "uuid": "7d911e5d-3260-4df4-a8c2-357dd6fb0981",
              "parentUUID": "00a69b6b-eba3-4651-ba69-0896f1e6f734",
              "isHook": false,
              "skipped": false
            },
            {
              "title": "Enter password",
              "fullTitle": "MyTestSuite Enter password",
              "timedOut": null,
              "duration": 51030,
              "state": "failed",
              "speed": null,
              "pass": false,
              "fail": true,
              "pending": false,
              "context": null,
              "code": "cy.get('#password').type('qweasdf').should('have.value', 'qweasdf'); // enter password",
              "err": {
                "message": "AssertionError: Timed out retrying: Expected to find element: `#password`, but never found it.",
                "estack": "AssertionError: Timed out retrying: Expected to find element: `#password`, but never found it.\n    at Context.eval (eval at <anonymous> (http://localhost:34167/__cypress/runner/cypress_runner.js:175991:16), <anonymous>:109:8)",
                "diff": null
              },
              "uuid": "4b48a58a-5144-4cd1-8dd1-611bc64db27e",
              "parentUUID": "00a69b6b-eba3-4651-ba69-0896f1e6f734",
              "isHook": false,
              "skipped": false
            },
            {
              "title": "Routes",
              "fullTitle": "MyTestSuite Routes",
              "timedOut": null,
              "duration": 51048,
              "state": "failed",
              "speed": null,
              "pass": false,
              "fail": true,
              "pending": false,
              "context": null,
              "code": "cy.get('.btn').click(); // button  log in\ncy.get('.team_soft_web_apps').click(); // select web_apps  \ncy.get('#apps > .modal-dialog > .modal-content > .modal-body').scrollTo('bottom').scrollTo('top'); //verif scrool web_apps\ncy.get('.team_soft_routes').click(); // select routes \ncy.get('.leaflet-control-zoom-in').click().dblclick(); //ver zoom in \ncy.get('.leaflet-control-zoom-out').click().dblclick(); // ver zoom out \ncy.get('.block-selectuser > .select2 > .selection > .select2-selection > .select2-selection__arrow').click(); // select search \ncy.get('li').contains('Коротаев Сергей Владимирович').click(); // select user name\ncy.get('#filter-date-start').clear();\ncy.get('#filter-date-start').type('12.05.2015');\ncy.get('.leaflet-map-container-inner').click();\ncy.get('#filter-date-end').clear();\ncy.get('#filter-date-end').type('12.05.2015');\ncy.get('.leaflet-map-container-inner').click();\ncy.get('#filter-find').click(); // button search \n// cy.get('#filter-date-start').click()\n// cy.get('[data-date=\"1575158400000\"]').click()\n// cy.get('body').contains('1').click() // select date start \n//cy.get('t.body').contains('1').click()  \n// cy.get('.modal-footer > .btn').click()// button ok no search",
              "err": {
                "message": "AssertionError: Timed out retrying: Expected to find element: `.btn`, but never found it.",
                "estack": "AssertionError: Timed out retrying: Expected to find element: `.btn`, but never found it.\n    at Context.eval (eval at <anonymous> (http://localhost:34167/__cypress/runner/cypress_runner.js:175991:16), <anonymous>:112:8)",
                "diff": null
              },
              "uuid": "39e17ac1-70fc-4b95-ab39-5aa1ea9165c8",
              "parentUUID": "00a69b6b-eba3-4651-ba69-0896f1e6f734",
              "isHook": false,
              "skipped": false
            }
          ],
          "suites": [],
          "passes": [],
          "failures": [
            "e0062a86-27ef-4b2a-a513-fb361b6a84bc",
            "7d911e5d-3260-4df4-a8c2-357dd6fb0981",
            "4b48a58a-5144-4cd1-8dd1-611bc64db27e",
            "39e17ac1-70fc-4b95-ab39-5aa1ea9165c8"
          ],
          "pending": [],
          "skipped": [],
          "duration": 161150,
          "root": false,
          "rootEmpty": false,
          "_timeout": 2000
        }
      ],
      "passes": [],
      "failures": [],
      "pending": [],
      "skipped": [],
      "duration": 0,
      "root": true,
      "rootEmpty": true,
      "_timeout": 2000
    }
  ],
  "meta": {
    "mocha": {
      "version": "7.0.1"
    },
    "mochawesome": {
      "options": {
        "quiet": false,
        "reportFilename": "mochawesome",
        "saveHtml": false,
        "saveJson": true,
        "consoleReporter": "spec",
        "useInlineDiffs": false,
        "code": true
      },
      "version": "6.1.1"
    },
    "marge": {
      "options": {
        "overwrite": true,
        "html": false,
        "json": true,
        "timestamp": "mmddyyyy_HHMMss"
      },
      "version": "5.1.0"
    }
  }
}