{
  "stats": {
    "suites": 11,
    "tests": 13,
    "passes": 10,
    "pending": 0,
    "failures": 3,
    "start": "2020-10-16T12:28:16.271Z",
    "end": "2020-10-16T12:29:50.162Z",
    "duration": 93891,
    "testsRegistered": 13,
    "passPercent": 76.92307692307693,
    "pendingPercent": 0,
    "other": 0,
    "hasOther": false,
    "skipped": 0,
    "hasSkipped": false
  },
  "results": [
    {
      "uuid": "c6609af9-6159-4123-a318-fe5e9d60c860",
      "title": "",
      "fullFile": "cypress/integration/examples/cypress_api.spec.js",
      "file": "cypress/integration/examples/cypress_api.spec.js",
      "beforeHooks": [],
      "afterHooks": [],
      "tests": [],
      "suites": [
        {
          "uuid": "bebf6548-a7c6-405c-b40e-53c09e773a65",
          "title": "Cypress.Commands",
          "fullFile": "",
          "file": "",
          "beforeHooks": [],
          "afterHooks": [],
          "tests": [
            {
              "title": ".add() - create a custom command",
              "fullTitle": "Cypress.Commands .add() - create a custom command",
              "timedOut": null,
              "duration": 5268,
              "state": "passed",
              "speed": "slow",
              "pass": true,
              "fail": false,
              "pending": false,
              "context": null,
              "code": "Cypress.Commands.add('console', {\n  prevSubject: true\n}, function (subject, method) {\n  // the previous subject is automatically received\n  // and the commands arguments are shifted\n  // allow us to change the console method used\n  method = method || 'log'; // log the subject to the console\n  // @ts-ignore TS7017\n  console[method]('The subject is', subject); // whatever we return becomes the new subject\n  // we don't want to change the subject so\n  // we return whatever was passed in\n  return subject;\n}); // @ts-ignore TS2339\ncy.get('button').console('info').then(function ($button) {// subject is still $button\n});",
              "err": {},
              "uuid": "8204d7ce-b0bd-4c03-92af-ff604a15d502",
              "parentUUID": "bebf6548-a7c6-405c-b40e-53c09e773a65",
              "isHook": false,
              "skipped": false
            }
          ],
          "suites": [],
          "passes": [
            "8204d7ce-b0bd-4c03-92af-ff604a15d502"
          ],
          "failures": [],
          "pending": [],
          "skipped": [],
          "duration": 5268,
          "root": false,
          "rootEmpty": false,
          "_timeout": 2000
        },
        {
          "uuid": "a0b12c2a-2020-42cd-b6f4-d0b4e31513e3",
          "title": "Cypress.Cookies",
          "fullFile": "",
          "file": "",
          "beforeHooks": [],
          "afterHooks": [],
          "tests": [
            {
              "title": ".debug() - enable or disable debugging",
              "fullTitle": "Cypress.Cookies .debug() - enable or disable debugging",
              "timedOut": null,
              "duration": 2901,
              "state": "passed",
              "speed": "slow",
              "pass": true,
              "fail": false,
              "pending": false,
              "context": null,
              "code": "Cypress.Cookies.debug(true); // Cypress will now log in the console when\n// cookies are set or cleared\ncy.setCookie('fakeCookie', '123ABC');\ncy.clearCookie('fakeCookie');\ncy.setCookie('fakeCookie', '123ABC');\ncy.clearCookie('fakeCookie');\ncy.setCookie('fakeCookie', '123ABC');",
              "err": {},
              "uuid": "6cb1711f-c5e8-4fb2-ad4d-10705043d4fa",
              "parentUUID": "a0b12c2a-2020-42cd-b6f4-d0b4e31513e3",
              "isHook": false,
              "skipped": false
            },
            {
              "title": ".preserveOnce() - preserve cookies by key",
              "fullTitle": "Cypress.Cookies .preserveOnce() - preserve cookies by key",
              "timedOut": null,
              "duration": 1973,
              "state": "passed",
              "speed": "slow",
              "pass": true,
              "fail": false,
              "pending": false,
              "context": null,
              "code": "// normally cookies are reset after each test\ncy.getCookie('fakeCookie').should('not.be.ok'); // preserving a cookie will not clear it when\n// the next test starts\ncy.setCookie('lastCookie', '789XYZ');\nCypress.Cookies.preserveOnce('lastCookie');",
              "err": {},
              "uuid": "f205529a-e8be-49cf-9c5c-88bc816285a1",
              "parentUUID": "a0b12c2a-2020-42cd-b6f4-d0b4e31513e3",
              "isHook": false,
              "skipped": false
            },
            {
              "title": ".defaults() - set defaults for all cookies",
              "fullTitle": "Cypress.Cookies .defaults() - set defaults for all cookies",
              "timedOut": null,
              "duration": 2902,
              "state": "failed",
              "speed": null,
              "pass": false,
              "fail": true,
              "pending": false,
              "context": null,
              "code": "// now any cookie with the name 'session_id' will\n// not be cleared before each new test runs\nCypress.Cookies.defaults({\n  whitelist: 'session_id'\n});",
              "err": {
                "message": "CypressError: `Cypress.Cookies.defaults` `whitelist` option has been renamed to `preserve`. Please rename `whitelist` to `preserve`.",
                "estack": "CypressError: `Cypress.Cookies.defaults` `whitelist` option has been renamed to `preserve`. Please rename `whitelist` to `preserve`.\n    at warnOnWhitelistRenamed (https://example.cypress.io/__cypress/runner/cypress_runner.js:168535:22)\n    at Object.defaults (https://example.cypress.io/__cypress/runner/cypress_runner.js:168664:7)\n    at Context.runnable.fn (https://example.cypress.io/__cypress/runner/cypress_runner.js:169937:21)\n    at callFn (https://example.cypress.io/__cypress/runner/cypress_runner.js:104304:21)\n    at Test.../driver/node_modules/mocha/lib/runnable.js.Runnable.run (https://example.cypress.io/__cypress/runner/cypress_runner.js:104291:7)\n    at https://example.cypress.io/__cypress/runner/cypress_runner.js:175515:28\n    at PassThroughHandlerContext.finallyHandler (https://example.cypress.io/__cypress/runner/cypress_runner.js:6879:23)\n    at PassThroughHandlerContext.tryCatcher (https://example.cypress.io/__cypress/runner/cypress_runner.js:10325:23)\n    at Promise._settlePromiseFromHandler (https://example.cypress.io/__cypress/runner/cypress_runner.js:8260:31)\n    at Promise._settlePromise (https://example.cypress.io/__cypress/runner/cypress_runner.js:8317:18)\n    at Promise._settlePromise0 (https://example.cypress.io/__cypress/runner/cypress_runner.js:8362:10)\n    at Promise._settlePromises (https://example.cypress.io/__cypress/runner/cypress_runner.js:8442:18)\n    at _drainQueueStep (https://example.cypress.io/__cypress/runner/cypress_runner.js:5032:12)\n    at _drainQueue (https://example.cypress.io/__cypress/runner/cypress_runner.js:5025:9)\n    at Async.../../node_modules/bluebird/js/release/async.js.Async._drainQueues (https://example.cypress.io/__cypress/runner/cypress_runner.js:5041:5)",
                "diff": null
              },
              "uuid": "7f05c238-8067-4d61-8023-6ed3b3fd1c99",
              "parentUUID": "a0b12c2a-2020-42cd-b6f4-d0b4e31513e3",
              "isHook": false,
              "skipped": false
            }
          ],
          "suites": [],
          "passes": [
            "6cb1711f-c5e8-4fb2-ad4d-10705043d4fa",
            "f205529a-e8be-49cf-9c5c-88bc816285a1"
          ],
          "failures": [
            "7f05c238-8067-4d61-8023-6ed3b3fd1c99"
          ],
          "pending": [],
          "skipped": [],
          "duration": 7776,
          "root": false,
          "rootEmpty": false,
          "_timeout": 2000
        },
        {
          "uuid": "898d2c13-0b23-40d6-8bee-0bd561be24af",
          "title": "Cypress.Server",
          "fullFile": "",
          "file": "",
          "beforeHooks": [],
          "afterHooks": [],
          "tests": [
            {
              "title": ".defaults() - change default config of server",
              "fullTitle": "Cypress.Server .defaults() - change default config of server",
              "timedOut": null,
              "duration": 1609,
              "state": "passed",
              "speed": "slow",
              "pass": true,
              "fail": false,
              "pending": false,
              "context": null,
              "code": "Cypress.Server.defaults({\n  delay: 0,\n  force404: false\n});",
              "err": {},
              "uuid": "2dab2b81-9fbe-4871-aee2-18fc05fae89a",
              "parentUUID": "898d2c13-0b23-40d6-8bee-0bd561be24af",
              "isHook": false,
              "skipped": false
            }
          ],
          "suites": [],
          "passes": [
            "2dab2b81-9fbe-4871-aee2-18fc05fae89a"
          ],
          "failures": [],
          "pending": [],
          "skipped": [],
          "duration": 1609,
          "root": false,
          "rootEmpty": false,
          "_timeout": 2000
        },
        {
          "uuid": "986de4cd-5521-4132-b98d-6f0e67b40385",
          "title": "Cypress.arch",
          "fullFile": "",
          "file": "",
          "beforeHooks": [],
          "afterHooks": [],
          "tests": [
            {
              "title": "Get CPU architecture name of underlying OS",
              "fullTitle": "Cypress.arch Get CPU architecture name of underlying OS",
              "timedOut": null,
              "duration": 1352,
              "state": "passed",
              "speed": "slow",
              "pass": true,
              "fail": false,
              "pending": false,
              "context": null,
              "code": "// https://on.cypress.io/arch\nexpect(Cypress.arch).to.exist;",
              "err": {},
              "uuid": "3e7d1d84-a939-46e2-bf4b-6af101e1b25b",
              "parentUUID": "986de4cd-5521-4132-b98d-6f0e67b40385",
              "isHook": false,
              "skipped": false
            }
          ],
          "suites": [],
          "passes": [
            "3e7d1d84-a939-46e2-bf4b-6af101e1b25b"
          ],
          "failures": [],
          "pending": [],
          "skipped": [],
          "duration": 1352,
          "root": false,
          "rootEmpty": false,
          "_timeout": 2000
        },
        {
          "uuid": "3ae0ede2-dfab-41c8-8daf-1185064816ff",
          "title": "Cypress.config()",
          "fullFile": "",
          "file": "",
          "beforeHooks": [],
          "afterHooks": [],
          "tests": [
            {
              "title": "Get and set configuration options",
              "fullTitle": "Cypress.config() Get and set configuration options",
              "timedOut": null,
              "duration": 4877,
              "state": "failed",
              "speed": null,
              "pass": false,
              "fail": true,
              "pending": false,
              "context": null,
              "code": "// https://on.cypress.io/config\nvar myConfig = Cypress.config();\nexpect(myConfig).to.have.property('animationDistanceThreshold', 5);\nexpect(myConfig).to.have.property('baseUrl', null);\nexpect(myConfig).to.have.property('defaultCommandTimeout', 4000);\nexpect(myConfig).to.have.property('requestTimeout', 5000);\nexpect(myConfig).to.have.property('responseTimeout', 30000);\nexpect(myConfig).to.have.property('viewportHeight', 660);\nexpect(myConfig).to.have.property('viewportWidth', 1000);\nexpect(myConfig).to.have.property('pageLoadTimeout', 60000);\nexpect(myConfig).to.have.property('waitForAnimations', true);\nexpect(Cypress.config('pageLoadTimeout')).to.eq(60000); // this will change the config for the rest of your tests!\nCypress.config('pageLoadTimeout', 20000);\nexpect(Cypress.config('pageLoadTimeout')).to.eq(20000);\nCypress.config('pageLoadTimeout', 60000);",
              "err": {
                "message": "AssertionError: expected { Object (chromeWebSecurity, reporter, ...) } to have property 'defaultCommandTimeout' of 4000, but got 50000",
                "estack": "AssertionError: expected { Object (chromeWebSecurity, reporter, ...) } to have property 'defaultCommandTimeout' of 4000, but got 50000\n    at Context.eval (https://example.cypress.io/__cypress/tests?p=cypress/integration/examples/cypress_api.spec.js:189:30)",
                "diff": "- 50000\n+ 4000\n"
              },
              "uuid": "82fdede0-1b0a-4c7a-a198-d43dbb7f0c0c",
              "parentUUID": "3ae0ede2-dfab-41c8-8daf-1185064816ff",
              "isHook": false,
              "skipped": false
            }
          ],
          "suites": [],
          "passes": [],
          "failures": [
            "82fdede0-1b0a-4c7a-a198-d43dbb7f0c0c"
          ],
          "pending": [],
          "skipped": [],
          "duration": 4877,
          "root": false,
          "rootEmpty": false,
          "_timeout": 2000
        },
        {
          "uuid": "2b261693-cb31-4fa3-82d5-a13145ba6c7c",
          "title": "Cypress.dom",
          "fullFile": "",
          "file": "",
          "beforeHooks": [],
          "afterHooks": [],
          "tests": [
            {
              "title": ".isHidden() - determine if a DOM element is hidden",
              "fullTitle": "Cypress.dom .isHidden() - determine if a DOM element is hidden",
              "timedOut": null,
              "duration": 1559,
              "state": "passed",
              "speed": "slow",
              "pass": true,
              "fail": false,
              "pending": false,
              "context": null,
              "code": "var hiddenP = Cypress.$('.dom-p p.hidden').get(0);\nvar visibleP = Cypress.$('.dom-p p.visible').get(0); // our first paragraph has css class 'hidden'\nexpect(Cypress.dom.isHidden(hiddenP)).to.be[\"true\"];\nexpect(Cypress.dom.isHidden(visibleP)).to.be[\"false\"];",
              "err": {},
              "uuid": "9dd0aee1-9137-4212-8b48-2c9c7999dfdf",
              "parentUUID": "2b261693-cb31-4fa3-82d5-a13145ba6c7c",
              "isHook": false,
              "skipped": false
            }
          ],
          "suites": [],
          "passes": [
            "9dd0aee1-9137-4212-8b48-2c9c7999dfdf"
          ],
          "failures": [],
          "pending": [],
          "skipped": [],
          "duration": 1559,
          "root": false,
          "rootEmpty": false,
          "_timeout": 2000
        },
        {
          "uuid": "d85d8e4f-9d7d-4e5f-ab6b-d56a238d65af",
          "title": "Cypress.env()",
          "fullFile": "",
          "file": "",
          "beforeHooks": [],
          "afterHooks": [],
          "tests": [
            {
              "title": "Get environment variables",
              "fullTitle": "Cypress.env() Get environment variables",
              "timedOut": null,
              "duration": 1479,
              "state": "passed",
              "speed": "slow",
              "pass": true,
              "fail": false,
              "pending": false,
              "context": null,
              "code": "// https://on.cypress.io/env\n// set multiple environment variables\nCypress.env({\n  host: 'veronica.dev.local',\n  api_server: 'http://localhost:8888/v1/'\n}); // get environment variable\nexpect(Cypress.env('host')).to.eq('veronica.dev.local'); // set environment variable\nCypress.env('api_server', 'http://localhost:8888/v2/');\nexpect(Cypress.env('api_server')).to.eq('http://localhost:8888/v2/'); // get all environment variable\nexpect(Cypress.env()).to.have.property('host', 'veronica.dev.local');\nexpect(Cypress.env()).to.have.property('api_server', 'http://localhost:8888/v2/');",
              "err": {},
              "uuid": "86c991ac-b216-43f9-8c8e-ad02b47f641e",
              "parentUUID": "d85d8e4f-9d7d-4e5f-ab6b-d56a238d65af",
              "isHook": false,
              "skipped": false
            }
          ],
          "suites": [],
          "passes": [
            "86c991ac-b216-43f9-8c8e-ad02b47f641e"
          ],
          "failures": [],
          "pending": [],
          "skipped": [],
          "duration": 1479,
          "root": false,
          "rootEmpty": false,
          "_timeout": 2000
        },
        {
          "uuid": "28108ea8-c7c5-48c5-ab79-2ecc5693f48a",
          "title": "Cypress.log",
          "fullFile": "",
          "file": "",
          "beforeHooks": [],
          "afterHooks": [],
          "tests": [
            {
              "title": "Control what is printed to the Command Log",
              "fullTitle": "Cypress.log Control what is printed to the Command Log",
              "timedOut": null,
              "duration": 2117,
              "state": "passed",
              "speed": "slow",
              "pass": true,
              "fail": false,
              "pending": false,
              "context": null,
              "code": "// https://on.cypress.io/cypress-log",
              "err": {},
              "uuid": "a4deafa0-f019-458d-b7cc-1d6d3636f0a2",
              "parentUUID": "28108ea8-c7c5-48c5-ab79-2ecc5693f48a",
              "isHook": false,
              "skipped": false
            }
          ],
          "suites": [],
          "passes": [
            "a4deafa0-f019-458d-b7cc-1d6d3636f0a2"
          ],
          "failures": [],
          "pending": [],
          "skipped": [],
          "duration": 2117,
          "root": false,
          "rootEmpty": false,
          "_timeout": 2000
        },
        {
          "uuid": "2a3ffc99-df22-4070-8255-ed6e8f61b6ca",
          "title": "Cypress.platform",
          "fullFile": "",
          "file": "",
          "beforeHooks": [],
          "afterHooks": [],
          "tests": [
            {
              "title": "Get underlying OS name",
              "fullTitle": "Cypress.platform Get underlying OS name",
              "timedOut": null,
              "duration": 1404,
              "state": "passed",
              "speed": "slow",
              "pass": true,
              "fail": false,
              "pending": false,
              "context": null,
              "code": "// https://on.cypress.io/platform\nexpect(Cypress.platform).to.be.exist;",
              "err": {},
              "uuid": "98ba9cab-3583-45e5-a97c-9dc52467e528",
              "parentUUID": "2a3ffc99-df22-4070-8255-ed6e8f61b6ca",
              "isHook": false,
              "skipped": false
            }
          ],
          "suites": [],
          "passes": [
            "98ba9cab-3583-45e5-a97c-9dc52467e528"
          ],
          "failures": [],
          "pending": [],
          "skipped": [],
          "duration": 1404,
          "root": false,
          "rootEmpty": false,
          "_timeout": 2000
        },
        {
          "uuid": "bb5f74ec-c78b-445a-8f92-966a05310592",
          "title": "Cypress.version",
          "fullFile": "",
          "file": "",
          "beforeHooks": [],
          "afterHooks": [],
          "tests": [
            {
              "title": "Get current version of Cypress being run",
              "fullTitle": "Cypress.version Get current version of Cypress being run",
              "timedOut": null,
              "duration": 1307,
              "state": "passed",
              "speed": "slow",
              "pass": true,
              "fail": false,
              "pending": false,
              "context": null,
              "code": "// https://on.cypress.io/version\nexpect(Cypress.version).to.be.exist;",
              "err": {},
              "uuid": "ce9171ca-d005-40b4-a92b-bd5b095b4cc9",
              "parentUUID": "bb5f74ec-c78b-445a-8f92-966a05310592",
              "isHook": false,
              "skipped": false
            }
          ],
          "suites": [],
          "passes": [
            "ce9171ca-d005-40b4-a92b-bd5b095b4cc9"
          ],
          "failures": [],
          "pending": [],
          "skipped": [],
          "duration": 1307,
          "root": false,
          "rootEmpty": false,
          "_timeout": 2000
        },
        {
          "uuid": "e98159c1-d457-4978-a5ed-e325bf4f76e6",
          "title": "Cypress.spec",
          "fullFile": "",
          "file": "",
          "beforeHooks": [],
          "afterHooks": [],
          "tests": [
            {
              "title": "Get current spec information",
              "fullTitle": "Cypress.spec Get current spec information",
              "timedOut": null,
              "duration": 52695,
              "state": "failed",
              "speed": null,
              "pass": false,
              "fail": true,
              "pending": false,
              "context": null,
              "code": "// https://on.cypress.io/spec\n// wrap the object so we can inspect it easily by clicking in the command log\ncy.wrap(Cypress.spec).should('have.keys', ['name', 'relative', 'absolute']);",
              "err": {
                "message": "AssertionError: Timed out retrying: expected { Object (name, relative, ...) } to have keys 'name', 'relative', and 'absolute'",
                "estack": "AssertionError: Timed out retrying: expected { Object (name, relative, ...) } to have keys 'name', 'relative', and 'absolute'\n    at Context.eval (https://example.cypress.io/__cypress/tests?p=cypress/integration/examples/cypress_api.spec.js:271:27)",
                "diff": "- [ 'absolute', 'name', 'relative', 'specType' ]\n+ [ 'absolute', 'name', 'relative' ]\n"
              },
              "uuid": "43e061a4-5e3c-436f-8843-8eb5b71df82c",
              "parentUUID": "e98159c1-d457-4978-a5ed-e325bf4f76e6",
              "isHook": false,
              "skipped": false
            }
          ],
          "suites": [],
          "passes": [],
          "failures": [
            "43e061a4-5e3c-436f-8843-8eb5b71df82c"
          ],
          "pending": [],
          "skipped": [],
          "duration": 52695,
          "root": false,
          "rootEmpty": false,
          "_timeout": 2000
        }
      ],
      "passes": [],
      "failures": [],
      "pending": [],
      "skipped": [],
      "duration": 0,
      "root": true,
      "rootEmpty": true,
      "_timeout": 2000
    }
  ],
  "meta": {
    "mocha": {
      "version": "7.0.1"
    },
    "mochawesome": {
      "options": {
        "quiet": false,
        "reportFilename": "mochawesome",
        "saveHtml": false,
        "saveJson": true,
        "consoleReporter": "spec",
        "useInlineDiffs": false,
        "code": true
      },
      "version": "6.1.1"
    },
    "marge": {
      "options": {
        "overwrite": true,
        "html": false,
        "json": true,
        "timestamp": "mmddyyyy_HHMMss"
      },
      "version": "5.1.0"
    }
  }
}