{
  "stats": {
    "suites": 1,
    "tests": 4,
    "passes": 3,
    "pending": 0,
    "failures": 1,
    "start": "2020-10-13T13:31:05.459Z",
    "end": "2020-10-13T13:32:26.538Z",
    "duration": 81079,
    "testsRegistered": 4,
    "passPercent": 75,
    "pendingPercent": 0,
    "other": 0,
    "hasOther": false,
    "skipped": 0,
    "hasSkipped": false
  },
  "results": [
    {
      "uuid": "0025b384-ffca-4aec-b61e-8659a9fa7a24",
      "title": "",
      "fullFile": "cypress\\integration\\GeoForce\\test.js",
      "file": "cypress\\integration\\GeoForce\\test.js",
      "beforeHooks": [],
      "afterHooks": [],
      "tests": [],
      "suites": [
        {
          "uuid": "12bf2806-7e99-42d2-8c24-1329136255f7",
          "title": "TestcaseSearch",
          "fullFile": "",
          "file": "",
          "beforeHooks": [],
          "afterHooks": [],
          "tests": [
            {
              "title": "Login",
              "fullTitle": "TestcaseSearch Login",
              "timedOut": null,
              "duration": 16839,
              "state": "passed",
              "speed": "slow",
              "pass": true,
              "fail": false,
              "pending": false,
              "context": null,
              "code": "login.visit(this.data.url);\ncy.title().then(function (tit) // проверка или геофорсе или велком\n{\n  if (tit == 'Приветствуем в PharmaHRM' || tit == 'Welcome to PharmaHRM') {\n    login.service(this.data.service);\n  } else if (tit == 'Welcome!') {\n    login.email(this.data.email);\n    login.password(this.data.password);\n    login.submit();\n  }\n});",
              "err": {},
              "uuid": "d1a6d1fc-a6fd-4d23-8ce5-fbf61c7a80d9",
              "parentUUID": "12bf2806-7e99-42d2-8c24-1329136255f7",
              "isHook": false,
              "skipped": false
            },
            {
              "title": "first load Etms",
              "fullTitle": "TestcaseSearch first load Etms",
              "timedOut": null,
              "duration": 448,
              "state": "passed",
              "speed": "slow",
              "pass": true,
              "fail": false,
              "pending": false,
              "context": null,
              "code": "//ожидание скрытия модального окна\ncy.get('#loader > .modal-dialog').should('not.be.visible');",
              "err": {},
              "uuid": "2f5fd1b7-1c09-43e1-a084-8389fa90a76a",
              "parentUUID": "12bf2806-7e99-42d2-8c24-1329136255f7",
              "isHook": false,
              "skipped": false
            },
            {
              "title": "Polygon-voronogo-see",
              "fullTitle": "TestcaseSearch Polygon-voronogo-see",
              "timedOut": null,
              "duration": 43851,
              "state": "failed",
              "speed": null,
              "pass": false,
              "fail": true,
              "pending": false,
              "context": null,
              "code": "Button.ButtonConfigPV();\ncy.contains('[class=\"panel-title ng-binding\"]', 'Параметры рисования');\ncy.contains('div.filter-item > .ng-binding', 'Гео деление');\ncy.contains('#layerForm > label > span', 'Делить по точкам');\nButton.CheckboxConfigPV(1);\ncy.contains('#layerForm > div.ng-scope > div:nth-child(2) > label', 'Типы организаций');\ncy.get('#layerForm > div.ng-scope > div:nth-child(2)').click();\ncy.get('#bs-select-9').contains(this.data.Pharmacy).click();\ncy.get('#layerForm > div.ng-scope > div:nth-child(2)').click();\ncy.contains('#layerForm > div.ng-scope > div:nth-child(4) > label', 'Полигоны');\ncy.get('[data-id=\"voronoiLayerPolygons\"]').click(); //cy.get('[ng-show=\"layerConfig.limitPolygons.length && !layerConfig.limitPolygonsLoading\"] > .dropdown > .dropdown-toggle > .filter-option').click()\ncy.get('.bs-container > .dropdown-menu.open > .bs-actionsbox > .btn-group > .bs-deselect-all').click();\nif (this.data.country === \"ua\") {\n  cy.get('#bs-select-11').contains(this.data.ZhytomyrRegion).click();\n} else if (this.data.country === \"ru\") {\n  cy.get('#bs-select-11').contains(this.data.MoscowCity).click();\n}\ncy.get('[data-id=\"voronoiLayerPolygons\"]').click();\ncy.get('[form=\"layerForm\"]').click();\ncy.get('#loader').should('not.be.visible').wait(2000);\ncy.get('[ng-click=\"layerConfig.layer.save();\"]').click(); //cy.get('#layerConfig_body > div > button:nth-child(2)').click()\ncy.get('#loader').should('not.be.visible');\ncy.get('.progress-message', {\n  timeout: 600000\n}).should('not.be.visible');",
              "err": {
                "message": "CypressError: `cy.screenshot()` timed out waiting `30000ms` to complete.",
                "estack": "CypressError: `cy.screenshot()` timed out waiting `30000ms` to complete.\n    at https://demo.pharmahrm.com/__cypress/runner/cypress_runner.js:158967:22\n    at tryCatcher (https://demo.pharmahrm.com/__cypress/runner/cypress_runner.js:10325:23)\n    at https://demo.pharmahrm.com/__cypress/runner/cypress_runner.js:5447:41\n    at tryCatcher (https://demo.pharmahrm.com/__cypress/runner/cypress_runner.js:10325:23)\n    at Promise._settlePromiseFromHandler (https://demo.pharmahrm.com/__cypress/runner/cypress_runner.js:8260:31)\n    at Promise._settlePromise (https://demo.pharmahrm.com/__cypress/runner/cypress_runner.js:8317:18)\n    at Promise._settlePromise0 (https://demo.pharmahrm.com/__cypress/runner/cypress_runner.js:8362:10)\n    at Promise._settlePromises (https://demo.pharmahrm.com/__cypress/runner/cypress_runner.js:8438:18)\n    at _drainQueueStep (https://demo.pharmahrm.com/__cypress/runner/cypress_runner.js:5032:12)\n    at _drainQueue (https://demo.pharmahrm.com/__cypress/runner/cypress_runner.js:5025:9)\n    at Async.../../node_modules/bluebird/js/release/async.js.Async._drainQueues (https://demo.pharmahrm.com/__cypress/runner/cypress_runner.js:5041:5)\n    at Async.drainQueues (https://demo.pharmahrm.com/__cypress/runner/cypress_runner.js:4911:14)",
                "diff": null
              },
              "uuid": "de75bde7-e286-4f06-b4e5-18937ce080cc",
              "parentUUID": "12bf2806-7e99-42d2-8c24-1329136255f7",
              "isHook": false,
              "skipped": false
            },
            {
              "title": "Polygon-voronogo-save",
              "fullTitle": "TestcaseSearch Polygon-voronogo-save",
              "timedOut": null,
              "duration": 306,
              "state": "passed",
              "speed": "slow",
              "pass": true,
              "fail": false,
              "pending": false,
              "context": null,
              "code": "",
              "err": {},
              "uuid": "369a0e7a-8c13-4f03-bf97-3c06df0d4a6c",
              "parentUUID": "12bf2806-7e99-42d2-8c24-1329136255f7",
              "isHook": false,
              "skipped": false
            }
          ],
          "suites": [],
          "passes": [
            "d1a6d1fc-a6fd-4d23-8ce5-fbf61c7a80d9",
            "2f5fd1b7-1c09-43e1-a084-8389fa90a76a",
            "369a0e7a-8c13-4f03-bf97-3c06df0d4a6c"
          ],
          "failures": [
            "de75bde7-e286-4f06-b4e5-18937ce080cc"
          ],
          "pending": [],
          "skipped": [],
          "duration": 61444,
          "root": false,
          "rootEmpty": false,
          "_timeout": 2000
        }
      ],
      "passes": [],
      "failures": [],
      "pending": [],
      "skipped": [],
      "duration": 0,
      "root": true,
      "rootEmpty": true,
      "_timeout": 2000
    }
  ],
  "meta": {
    "mocha": {
      "version": "7.0.1"
    },
    "mochawesome": {
      "options": {
        "quiet": false,
        "reportFilename": "mochawesome",
        "saveHtml": false,
        "saveJson": true,
        "consoleReporter": "spec",
        "useInlineDiffs": false,
        "code": true
      },
      "version": "6.1.1"
    },
    "marge": {
      "options": {
        "overwrite": true,
        "html": false,
        "json": true,
        "timestamp": "mmddyyyy_HHMMss"
      },
      "version": "5.1.0"
    }
  }
}